,number,value,datetime_start,datetime_complete,duration,params_ANTS,params_EVA_RATE,params_ITERATIONS,params_Q,state
0,0,2.2301763798830576,2022-03-25 19:59:40.934944,2022-03-25 20:00:18.249830,0 days 00:00:37.314886000,232,0.474906367333468,68,0.611876486290047,COMPLETE
1,1,2.2078301972618113,2022-03-25 20:00:18.250395,2022-03-25 20:09:48.122292,0 days 00:09:29.871897000,372,0.6732416079110612,461,0.5523329168429378,COMPLETE
2,2,2.337740759862598,2022-03-25 20:09:48.123075,2022-03-25 20:11:54.558417,0 days 00:02:06.435342000,212,0.4355074713287317,268,0.21150777855349223,COMPLETE
3,3,2.2691659694513966,2022-03-25 20:11:54.559191,2022-03-25 20:13:13.265356,0 days 00:01:18.706165000,374,0.6829683848987029,63,0.03186137711680692,COMPLETE
4,4,2.1531885652193687,2022-03-25 20:13:13.266166,2022-03-25 20:20:46.836027,0 days 00:07:33.569861000,470,0.9384157811513149,241,0.5621596889671885,COMPLETE
5,5,2.164715604306456,2022-03-25 20:20:46.836790,2022-03-25 20:21:59.040406,0 days 00:01:12.203616000,446,0.1468596324757362,42,0.38378648732806253,COMPLETE
6,6,2.1627734994250924,2022-03-25 20:21:59.041111,2022-03-25 20:22:35.573643,0 days 00:00:36.532532000,187,0.9666529868775099,95,0.2950150179231904,COMPLETE
7,7,2.2440498032567002,2022-03-25 20:22:35.574425,2022-03-25 20:28:15.676368,0 days 00:05:40.101943000,306,0.09362414817726195,387,0.5772050439811698,COMPLETE
8,8,2.2341393294349303,2022-03-25 20:28:15.677186,2022-03-25 20:29:46.197499,0 days 00:01:30.520313000,223,0.6588068701216477,177,0.6265559125200082,COMPLETE
9,9,2.2460720978961053,2022-03-25 20:29:46.198238,2022-03-25 20:35:25.449072,0 days 00:05:39.250834000,261,0.019584996098736207,509,0.7639575732759325,COMPLETE
10,10,2.25280588499498,2022-03-25 20:35:25.449848,2022-03-25 20:35:37.924955,0 days 00:00:12.475107000,37,0.4537462427230922,325,0.05534639923764184,COMPLETE
11,11,2.2294756525775115,2022-03-25 20:35:37.925641,2022-03-25 20:36:02.525153,0 days 00:00:24.599512000,94,0.31861495373767307,183,0.007083107362045354,COMPLETE
12,12,2.2276745821581367,2022-03-25 20:36:02.525686,2022-03-25 20:41:32.486165,0 days 00:05:29.960479000,348,0.6646468475146505,303,0.1919708517026464,COMPLETE
13,13,2.234021948704887,2022-03-25 20:41:32.486978,2022-03-25 20:42:14.146302,0 days 00:00:41.659324000,161,0.32753237699399623,137,0.9786516655140709,COMPLETE
14,14,2.2284471199287474,2022-03-25 20:42:14.147126,2022-03-25 20:57:27.082545,0 days 00:15:12.935419000,532,0.8067141485335685,390,0.16087360517466942,COMPLETE
15,15,2.0851322448799356,2022-03-25 20:57:27.083340,2022-03-25 20:57:36.139805,0 days 00:00:09.056465000,417,0.33815289965239853,6,0.36029607172515943,COMPLETE
16,16,2.2254377751617933,2022-03-25 20:57:36.140285,2022-03-25 20:58:28.739601,0 days 00:00:52.599316000,132,0.5647380466650167,237,0.19023893964533028,COMPLETE
17,17,2.2210735564295874,2022-03-25 20:58:28.740418,2022-03-25 21:03:55.182650,0 days 00:05:26.442232000,301,0.8529709596544655,385,0.10768067956825517,COMPLETE
18,18,2.2372082114488956,2022-03-25 21:03:55.183435,2022-03-25 21:03:55.696569,0 days 00:00:00.513134000,5,0.7615117583379177,128,0.2518786558073408,COMPLETE
19,19,2.222466869926386,2022-03-25 21:03:55.697014,2022-03-25 21:08:42.125670,0 days 00:04:46.428656000,369,0.5701071639198885,237,0.42746954043432905,COMPLETE
20,20,2.1571607068188006,2022-03-25 21:08:42.126482,2022-03-25 21:08:58.599928,0 days 00:00:16.473446000,534,0.21270259762301602,7,0.07558929181569823,COMPLETE
21,21,2.2432649047948523,2022-03-25 21:08:58.600473,2022-03-25 21:09:02.494461,0 days 00:00:03.893988000,14,0.4702434369496987,318,0.019643650184666156,COMPLETE
22,22,2.2342601698015754,2022-03-25 21:09:02.494946,2022-03-25 21:09:47.087880,0 days 00:00:44.592934000,92,0.40808015567759454,343,0.09618506868963633,COMPLETE
23,23,2.2570478789870414,2022-03-25 21:09:47.088581,2022-03-25 21:10:27.235851,0 days 00:00:40.147270000,70,0.5557601989386858,450,0.26980303304223807,COMPLETE
24,24,2.2787546340838505,2022-03-25 21:10:27.236409,2022-03-25 21:12:22.735941,0 days 00:01:55.499532000,127,0.5765123521392045,549,0.29091462295544734,COMPLETE
25,25,2.255204660080009,2022-03-25 21:12:22.736770,2022-03-25 21:15:35.861113,0 days 00:03:13.124343000,190,0.7273378955887226,493,0.4522925883955614,COMPLETE
26,26,2.2540148520124346,2022-03-25 21:15:35.861929,2022-03-25 21:17:30.828837,0 days 00:01:54.966908000,128,0.5892416863224677,545,0.32548180132504845,COMPLETE
27,27,2.2214591067110563,2022-03-25 21:17:30.829649,2022-03-25 21:20:37.106688,0 days 00:03:06.277039000,266,0.8653607621220167,273,0.16141347160756478,COMPLETE
28,28,2.2914717598392627,2022-03-25 21:20:37.107511,2022-03-25 21:23:45.308100,0 days 00:03:08.200589000,325,0.39326054742739963,195,0.25943978641457066,COMPLETE
29,29,2.217022793460939,2022-03-25 21:23:45.308878,2022-03-25 21:25:29.984317,0 days 00:01:44.675439000,233,0.23869109473065747,188,0.2350208358905001,COMPLETE
30,30,2.2398999417207777,2022-03-25 21:25:29.985142,2022-03-25 21:29:23.177889,0 days 00:03:53.192747000,311,0.379733506491729,260,0.45334203209551927,COMPLETE
31,31,2.2589592652535218,2022-03-25 21:29:23.178709,2022-03-25 21:31:23.624182,0 days 00:02:00.445473000,406,0.5161265339844456,84,0.12269972934752102,COMPLETE
32,32,2.18304866963315,2022-03-25 21:31:23.624995,2022-03-25 21:32:43.920881,0 days 00:01:20.295886000,243,0.6326873531393746,135,0.22442193394048343,COMPLETE
33,33,2.2206628201174974,2022-03-25 21:32:43.921704,2022-03-25 21:36:26.461401,0 days 00:03:42.539697000,337,0.44475662336137417,216,0.36287894609381094,COMPLETE
34,34,2.1975941628267077,2022-03-25 21:36:26.462231,2022-03-25 21:37:53.960932,0 days 00:01:27.498701000,475,0.5171253779717803,46,0.14675903948981078,COMPLETE
35,35,2.246665467497144,2022-03-25 21:37:53.961719,2022-03-25 21:40:48.478085,0 days 00:02:54.516366000,194,0.38574441407530163,431,0.30370530978291854,COMPLETE
36,36,2.240904177123764,2022-03-25 21:40:48.478886,2022-03-25 21:43:18.052589,0 days 00:02:29.573703000,397,0.7073478468139935,109,0.5160284938828328,COMPLETE
37,37,2.1841587884392806,2022-03-25 21:43:18.053402,2022-03-25 21:45:21.208289,0 days 00:02:03.154887000,284,0.6160285037521193,160,0.3964899177709524,COMPLETE
38,38,2.267595574709645,2022-03-25 21:45:21.209107,2022-03-25 21:47:11.127918,0 days 00:01:49.918811000,456,0.25889628712326723,62,0.6942497781239754,COMPLETE
39,39,2.251273028506009,2022-03-25 21:47:11.128717,2022-03-25 21:48:35.758772,0 days 00:01:24.630055000,161,0.5102660970429667,281,0.055786094524447716,COMPLETE
40,40,2.2503217033716925,2022-03-25 21:48:35.759602,2022-03-25 21:54:32.296278,0 days 00:05:56.536676000,331,0.1531871116894985,355,0.32271430529245965,COMPLETE
41,41,2.2133546386470493,2022-03-25 21:54:32.297106,2022-03-25 21:55:44.472483,0 days 00:01:12.175377000,455,0.23839325669077638,41,0.6995926057984182,COMPLETE
42,42,2.178185835000143,2022-03-25 21:55:44.473236,2022-03-25 21:57:55.475666,0 days 00:02:11.002430000,491,0.4184442120075808,65,0.8108562900474952,COMPLETE
43,43,2.195765767538833,2022-03-25 21:57:55.476441,2022-03-25 21:59:55.734237,0 days 00:02:00.257796000,362,0.273119512812433,103,0.6277738216021114,COMPLETE
44,44,2.2530646780662127,2022-03-25 21:59:55.735050,2022-03-25 22:01:47.378075,0 days 00:01:51.643025000,442,0.16112197006715095,67,0.9112394660406709,COMPLETE
45,45,2.211001980890196,2022-03-25 22:01:47.378846,2022-03-25 22:07:16.302240,0 days 00:05:28.923394000,502,0.30682906181367653,156,0.6934748494397687,COMPLETE
46,46,2.238812456392771,2022-03-25 22:07:16.303032,2022-03-25 22:12:07.833273,0 days 00:04:51.530241000,390,0.3473794633281225,218,0.5127090108012322,COMPLETE
47,47,2.1618323703134434,2022-03-25 22:12:07.834113,2022-03-25 22:12:50.084778,0 days 00:00:42.250665000,417,0.09481723597281227,28,0.20913455588206437,COMPLETE
48,48,2.0856232651896116,2022-03-25 22:12:50.085515,2022-03-25 22:14:28.500262,0 days 00:01:38.414747000,215,0.993172793757003,203,0.8251051419078461,COMPLETE
49,49,2.2598512317878225,2022-03-25 22:14:28.501097,2022-03-25 22:16:20.421503,0 days 00:01:51.920406000,153,0.6622830812231293,403,0.5834656394419115,COMPLETE
