,number,value,datetime_start,datetime_complete,duration,params_ANTS,params_EVA_RATE,params_ITERATIONS,params_Q,state
0,0,1.798522476803339,2022-04-14 19:19:16.633396,2022-04-14 19:22:07.504593,0 days 00:02:50.871197000,299,0.29471796101583647,186,0.6645696416262341,COMPLETE
1,1,1.813952946514777,2022-04-14 19:22:07.505514,2022-04-14 19:35:20.689429,0 days 00:13:13.183915000,426,0.05365271011352024,464,0.43529788080001974,COMPLETE
2,2,1.7730905131005839,2022-04-14 19:35:20.690349,2022-04-14 19:37:45.277321,0 days 00:02:24.586972000,494,0.7982336726978925,65,0.6344566602861886,COMPLETE
3,3,1.8155925801775055,2022-04-14 19:37:45.278225,2022-04-14 19:52:38.196324,0 days 00:14:52.918099000,506,0.16920780180148653,384,0.6608945207807607,COMPLETE
4,4,1.8020042366189464,2022-04-14 19:52:38.197201,2022-04-14 20:01:12.152278,0 days 00:08:33.955077000,519,0.13554696843689706,211,0.35436837404521226,COMPLETE
5,5,1.7632593375006855,2022-04-14 20:01:12.153211,2022-04-14 20:01:49.949695,0 days 00:00:37.796484000,210,0.6691558377423695,75,0.055655743430664484,COMPLETE
6,6,1.796654910701366,2022-04-14 20:01:49.950296,2022-04-14 20:02:11.957223,0 days 00:00:22.006927000,56,0.8799824459327655,308,0.08039914598693643,COMPLETE
7,7,1.8288624632628285,2022-04-14 20:02:11.958098,2022-04-14 20:02:20.088507,0 days 00:00:08.130409000,31,0.5377549022463715,240,0.1426741068494931,COMPLETE
8,8,1.7771555271360875,2022-04-14 20:02:20.089122,2022-04-14 20:16:50.136298,0 days 00:14:30.047176000,499,0.46914187191670953,385,0.6854746932625064,COMPLETE
9,9,1.6771548488282393,2022-04-14 20:16:50.137169,2022-04-14 20:28:41.071266,0 days 00:11:50.934097000,533,0.9364416350223019,279,0.9047823973942521,COMPLETE
10,10,1.7809768327662847,2022-04-14 20:28:41.072149,2022-04-14 20:28:47.652319,0 days 00:00:06.580170000,38,0.46227164155733563,150,0.25020788962419205,COMPLETE
11,11,1.7961645848877124,2022-04-14 20:28:47.652968,2022-04-14 20:31:43.101372,0 days 00:02:55.448404000,165,0.2803914416384197,512,0.9325937820987776,COMPLETE
12,12,1.8003291616256292,2022-04-14 20:31:43.102277,2022-04-14 20:39:31.410181,0 days 00:07:48.307904000,345,0.6240315662186015,401,0.23941042190438822,COMPLETE
13,13,1.8183894419405338,2022-04-14 20:39:31.411087,2022-04-14 20:41:01.301505,0 days 00:01:29.890418000,135,0.3666338504570478,359,0.5226859715003386,COMPLETE
14,14,1.8022881035408187,2022-04-14 20:41:01.302401,2022-04-14 20:42:10.419654,0 days 00:01:09.117253000,123,0.3972634552058826,317,0.5117737271465431,COMPLETE
15,15,1.7714730562000784,2022-04-14 20:42:10.420548,2022-04-14 20:42:10.806127,0 days 00:00:00.385579000,2,0.6329544094352622,235,0.2088422256607858,COMPLETE
16,16,1.784585723009965,2022-04-14 20:42:10.806754,2022-04-14 20:43:16.534579,0 days 00:01:05.727825000,110,0.32910201688103347,356,0.5380852237655133,COMPLETE
17,17,1.703787862387333,2022-04-14 20:43:16.535537,2022-04-14 20:43:20.011047,0 days 00:00:03.475510000,255,0.5476991132729595,5,0.3697117324872658,COMPLETE
18,18,1.8116700394650287,2022-04-14 20:43:20.011714,2022-04-14 20:43:43.443922,0 days 00:00:23.432208000,107,0.7922996020107926,133,0.13731897827387413,COMPLETE
19,19,1.8198104078967257,2022-04-14 20:43:43.444533,2022-04-14 20:46:51.846078,0 days 00:03:08.401545000,192,0.5414378515058694,433,0.8144339663069085,COMPLETE
20,20,1.7551551856190164,2022-04-14 20:46:51.846979,2022-04-14 20:50:53.718742,0 days 00:04:01.871763000,197,0.7239405885618113,535,0.8282534721515197,COMPLETE
21,21,1.768960805494007,2022-04-14 20:50:53.719678,2022-04-14 20:51:43.251081,0 days 00:00:49.531403000,76,0.5225987610874868,458,0.7759917877696716,COMPLETE
22,22,1.7924199973977104,2022-04-14 20:51:43.251998,2022-04-14 20:53:36.577497,0 days 00:01:53.325499000,137,0.39636229914662646,442,0.8118636500170533,COMPLETE
23,23,1.777510726626267,2022-04-14 20:53:36.578395,2022-04-14 20:56:15.633153,0 days 00:02:39.054758000,231,0.5321680163636447,267,0.573198942239507,COMPLETE
24,24,1.7840225444174922,2022-04-14 20:56:15.634072,2022-04-14 20:58:15.658406,0 days 00:02:00.024334000,169,0.40087211101243103,339,0.4227318810623995,COMPLETE
25,25,1.828883476188676,2022-04-14 20:58:15.659273,2022-04-14 21:04:04.935114,0 days 00:05:49.275841000,285,0.21567078463310907,417,0.9897297461064789,COMPLETE
26,26,1.7773488967315765,2022-04-14 21:04:04.936063,2022-04-14 21:12:48.718857,0 days 00:08:43.782794000,324,0.21224228222030703,501,0.9992989023377629,COMPLETE
27,27,1.7845991068924922,2022-04-14 21:12:48.719750,2022-04-14 21:22:41.927283,0 days 00:09:53.207533000,380,0.05122046662638102,429,0.9907897129190111,COMPLETE
28,28,1.7849299889981676,2022-04-14 21:22:41.928163,2022-04-14 21:25:57.977149,0 days 00:03:16.048986000,264,0.5903166001722779,268,0.8797359834284955,COMPLETE
29,29,1.7702997499135371,2022-04-14 21:25:57.978030,2022-04-14 21:40:16.848982,0 days 00:14:18.870952000,438,0.2651525524416432,488,0.7384475500697725,COMPLETE
30,30,1.716944205267569,2022-04-14 21:40:16.849881,2022-04-14 21:42:50.900205,0 days 00:02:34.050324000,290,0.7278233976555836,183,0.7296269766133943,COMPLETE
31,31,1.8523574244177567,2022-04-14 21:42:50.901102,2022-04-14 21:42:52.751075,0 days 00:00:01.849973000,6,0.3215531898334289,358,0.3108057518540552,COMPLETE
32,32,1.80176174913497,2022-04-14 21:42:52.751714,2022-04-14 21:42:53.777551,0 days 00:00:01.025837000,3,0.22035189382626047,418,0.1467639258451848,COMPLETE
33,33,1.7771729983289068,2022-04-14 21:42:53.778169,2022-04-14 21:43:42.287176,0 days 00:00:48.509007000,75,0.44637507583272407,471,0.2853947763615493,COMPLETE
34,34,1.7976380252313109,2022-04-14 21:43:42.288071,2022-04-14 21:43:54.472643,0 days 00:00:12.184572000,36,0.16206560046568066,310,0.3344282433898911,COMPLETE
35,35,1.8271156839012037,2022-04-14 21:43:54.473263,2022-04-14 21:51:31.801290,0 days 00:07:37.328027000,361,0.12273950428200975,371,0.13925661737932712,COMPLETE
36,36,1.8305269598977607,2022-04-14 21:51:31.802196,2022-04-14 21:57:21.079584,0 days 00:05:49.277388000,409,0.010333775974231074,227,0.03178144295574542,COMPLETE
37,37,1.8108594841507384,2022-04-14 21:57:21.080463,2022-04-14 22:03:52.807780,0 days 00:06:31.727317000,435,0.009226159849980488,228,0.05920430113313015,COMPLETE
38,38,1.7524971854726892,2022-04-14 22:03:52.808648,2022-04-14 22:09:11.674647,0 days 00:05:18.865999000,465,0.08725394978672361,164,0.0005562628418321891,COMPLETE
39,39,1.7757718291981328,2022-04-14 22:09:11.675538,2022-04-14 22:11:41.023426,0 days 00:02:29.347888000,393,0.01226867926697557,104,0.0012097691930540166,COMPLETE
40,40,1.839265344337682,2022-04-14 22:11:41.024310,2022-04-14 22:15:30.153731,0 days 00:03:49.129421000,312,0.2247880502176262,240,0.43550129655070813,COMPLETE
41,41,1.8162581738001091,2022-04-14 22:15:30.154625,2022-04-14 22:19:14.129184,0 days 00:03:43.974559000,336,0.22544992573327266,206,0.4279639038895065,COMPLETE
42,42,1.8740395548010493,2022-04-14 22:19:14.130079,2022-04-14 22:25:26.099585,0 days 00:06:11.969506000,408,0.3248765203580066,243,0.18298686269153658,COMPLETE
43,43,1.826618033017373,2022-04-14 22:25:26.100470,2022-04-14 22:29:52.207555,0 days 00:04:26.107085000,308,0.3103874695143072,285,0.3118792703467137,COMPLETE
44,44,1.775604019955777,2022-04-14 22:29:52.208469,2022-04-14 22:34:51.189369,0 days 00:04:58.980900000,405,0.11190737045208624,198,0.18263744355375794,COMPLETE
45,45,1.7793058832145554,2022-04-14 22:34:51.190241,2022-04-14 22:39:49.595712,0 days 00:04:58.405471000,365,0.18271815106989,238,0.3824048379792756,COMPLETE
46,46,1.788507858647119,2022-04-14 22:39:49.596607,2022-04-14 22:50:27.825111,0 days 00:10:38.228504000,461,0.2532759842517393,334,0.4647571461357584,COMPLETE
47,47,1.7946576565166703,2022-04-14 22:50:27.826003,2022-04-14 22:53:15.661965,0 days 00:02:47.835962000,233,0.3501872869008471,289,0.6028447700523447,COMPLETE
48,48,1.7754539185988896,2022-04-14 22:53:15.662863,2022-04-14 22:59:45.235148,0 days 00:06:29.572285000,413,0.2978795616321714,249,0.27497812658713483,COMPLETE
49,49,1.8277002246645175,2022-04-14 22:59:45.236050,2022-04-14 23:02:16.082653,0 days 00:02:30.846603000,292,0.06525171180217176,177,0.19490144193006662,COMPLETE
