,number,value,datetime_start,datetime_complete,duration,params_iterations,params_swarm_size,state
0,0,1.3203981407136258,2022-03-28 16:38:34.180286,2022-03-28 16:38:35.700889,0 days 00:00:01.520603000,149.2077630596862,19.999932626739724,COMPLETE
1,1,1.3663552220406612,2022-03-28 16:38:35.701590,2022-03-28 16:38:43.051889,0 days 00:00:07.350299000,150.26246691461512,97.51519647748268,COMPLETE
2,2,1.3901682192030607,2022-03-28 16:38:43.052589,2022-03-28 16:38:55.532330,0 days 00:00:12.479741000,474.33893355544996,52.399369031970465,COMPLETE
3,3,1.3253002897412214,2022-03-28 16:38:55.532997,2022-03-28 16:38:58.395266,0 days 00:00:02.862269000,109.5511019023784,51.373943102314826,COMPLETE
4,4,1.4491850082748639,2022-03-28 16:38:58.395915,2022-03-28 16:39:05.056184,0 days 00:00:06.660269000,452.4789717547561,29.332027670110314,COMPLETE
5,5,1.3525726743898727,2022-03-28 16:39:05.056567,2022-03-28 16:39:11.471138,0 days 00:00:06.414571000,293.6055766659765,43.41134822790727,COMPLETE
6,6,1.3972697947206003,2022-03-28 16:39:11.471511,2022-03-28 16:39:18.214980,0 days 00:00:06.743469000,302.3691891562819,44.84191982410557,COMPLETE
7,7,1.3959452945248687,2022-03-28 16:39:18.215625,2022-03-28 16:39:24.712288,0 days 00:00:06.496663000,413.0040760001816,31.974537606588896,COMPLETE
8,8,1.4592774061857323,2022-03-28 16:39:24.712663,2022-03-28 16:39:38.194572,0 days 00:00:13.481909000,440.8024240160381,61.80269132946709,COMPLETE
9,9,1.342500812645066,2022-03-28 16:39:38.194940,2022-03-28 16:39:45.747960,0 days 00:00:07.553020000,288.27266746356304,52.49988371005691,COMPLETE
10,10,1.4134303373564459,2022-03-28 16:39:45.748615,2022-03-28 16:39:59.553467,0 days 00:00:13.804852000,368.9546916797017,75.53163125608714,COMPLETE
11,11,1.4171080807404917,2022-03-28 16:39:59.553859,2022-03-28 16:40:17.768619,0 days 00:00:18.214760000,494.73572953001445,73.39574749453679,COMPLETE
12,12,1.3425534673070165,2022-03-28 16:40:17.769119,2022-03-28 16:40:20.515148,0 days 00:00:02.746029000,403.07033080123506,13.243594693816025,COMPLETE
13,13,1.4016615585274999,2022-03-28 16:40:20.515567,2022-03-28 16:40:35.208099,0 days 00:00:14.692532000,444.3398870266599,66.88120544070354,COMPLETE
14,14,1.3320576380248748,2022-03-28 16:40:35.208787,2022-03-28 16:40:39.906438,0 days 00:00:04.697651000,352.8553791068388,26.87021184294572,COMPLETE
15,15,1.440900389403523,2022-03-28 16:40:39.906822,2022-03-28 16:40:59.482887,0 days 00:00:19.576065000,444.58336456848554,88.77688973017435,COMPLETE
16,16,1.4544605799100907,2022-03-28 16:40:59.483279,2022-03-28 16:41:03.688556,0 days 00:00:04.205277000,244.89227738181188,34.7853730597769,COMPLETE
17,17,1.473623335415715,2022-03-28 16:41:03.688930,2022-03-28 16:41:11.164131,0 days 00:00:07.475201000,228.24569443341215,65.60821026096927,COMPLETE
18,18,1.4065932372748677,2022-03-28 16:41:11.164512,2022-03-28 16:41:18.460831,0 days 00:00:07.296319000,227.4142788431504,64.44347631706157,COMPLETE
19,19,1.3731490170919165,2022-03-28 16:41:18.461271,2022-03-28 16:41:27.492873,0 days 00:00:09.031602000,218.86410064848866,82.44663388869644,COMPLETE
20,20,1.3891572310217442,2022-03-28 16:41:27.493258,2022-03-28 16:41:33.601825,0 days 00:00:06.108567000,190.7588974540181,63.5825884480319,COMPLETE
21,21,1.39347690779646,2022-03-28 16:41:33.602494,2022-03-28 16:41:38.712966,0 days 00:00:05.110472000,245.7979041205133,41.26354204507233,COMPLETE
22,22,1.3946823989894037,2022-03-28 16:41:38.713346,2022-03-28 16:41:47.078188,0 days 00:00:08.364842000,263.835495041474,63.35786089673708,COMPLETE
23,23,1.424694739949866,2022-03-28 16:41:47.078563,2022-03-28 16:41:57.091699,0 days 00:00:10.013136000,339.8502760152485,58.53370485662632,COMPLETE
24,24,1.3946823989894037,2022-03-28 16:41:57.092085,2022-03-28 16:42:04.451524,0 days 00:00:07.359439000,200.1745720841484,72.38774927293834,COMPLETE
25,25,1.3326965145898746,2022-03-28 16:42:04.452030,2022-03-28 16:42:07.779265,0 days 00:00:03.327235000,171.98238922558394,38.556533112964324,COMPLETE
26,26,1.415483031338239,2022-03-28 16:42:07.779688,2022-03-28 16:42:21.155959,0 days 00:00:13.376271000,316.8965220159301,85.39566749820735,COMPLETE
27,27,1.3901682192030607,2022-03-28 16:42:21.156369,2022-03-28 16:42:28.834576,0 days 00:00:07.678207000,266.46518253570724,57.38656768883875,COMPLETE
28,28,1.3959452945248687,2022-03-28 16:42:28.834958,2022-03-28 16:42:34.560050,0 days 00:00:05.725092000,242.01512303012547,47.52633594097854,COMPLETE
29,29,1.4172411800248668,2022-03-28 16:42:34.560737,2022-03-28 16:42:35.687981,0 days 00:00:01.127244000,118.92437733835919,18.563056300616424,COMPLETE
30,30,1.4221392336898664,2022-03-28 16:42:35.688362,2022-03-28 16:42:38.632916,0 days 00:00:02.944554000,161.07490772262324,36.224982642165656,COMPLETE
31,31,1.434132689205547,2022-03-28 16:42:38.633300,2022-03-28 16:42:44.430530,0 days 00:00:05.797230000,407.61911743471336,28.93460494786664,COMPLETE
32,32,1.3762998401511204,2022-03-28 16:42:44.430909,2022-03-28 16:42:49.472693,0 days 00:00:05.041784000,449.0449758918075,22.669074125969136,COMPLETE
33,33,1.2739853964114187,2022-03-28 16:42:49.473076,2022-03-28 16:42:51.509997,0 days 00:00:02.036921000,379.8785495759835,10.96270725512504,COMPLETE
34,34,1.4299927407327924,2022-03-28 16:42:51.510379,2022-03-28 16:43:05.294657,0 days 00:00:13.784278000,473.85898538889467,58.0627903858101,COMPLETE
35,35,1.4077911308342426,2022-03-28 16:43:05.295037,2022-03-28 16:43:10.567160,0 days 00:00:05.272123000,321.44876074861867,32.82336619001437,COMPLETE
36,36,1.3427055807748738,2022-03-28 16:43:10.567536,2022-03-28 16:43:13.547603,0 days 00:00:02.980067000,278.0895663462135,21.307651011348106,COMPLETE
37,37,1.3533535235248728,2022-03-28 16:43:13.547993,2022-03-28 16:43:25.431664,0 days 00:00:11.883671000,495.2364467564606,47.20747329992896,COMPLETE
38,38,1.3762998401511204,2022-03-28 16:43:25.432045,2022-03-28 16:43:32.671406,0 days 00:00:07.239361000,207.37672028454125,69.13137263329389,COMPLETE
39,39,1.4022630738898683,2022-03-28 16:43:32.672065,2022-03-28 16:43:49.641076,0 days 00:00:16.969011000,427.80025179675005,79.69638528176178,COMPLETE
40,40,1.3699338915212997,2022-03-28 16:43:49.641463,2022-03-28 16:43:56.406152,0 days 00:00:06.764689000,136.06924539479502,98.43153381250526,COMPLETE
41,41,1.4420153934898643,2022-03-28 16:43:56.406546,2022-03-28 16:44:16.745738,0 days 00:00:20.339192000,462.3546953610298,87.3432226441395,COMPLETE
42,42,1.4491850082748639,2022-03-28 16:44:16.746264,2022-03-28 16:44:38.305717,0 days 00:00:21.559453000,473.7331224354802,91.41454328273892,COMPLETE
43,43,1.3427315513669469,2022-03-28 16:44:38.306479,2022-03-28 16:44:48.563307,0 days 00:00:10.256828000,392.2935353765804,52.947899589552776,COMPLETE
44,44,1.3663552220406612,2022-03-28 16:44:48.563729,2022-03-28 16:45:07.365364,0 days 00:00:18.801635000,475.23145676826476,79.44033486652346,COMPLETE
45,45,1.3427315513669469,2022-03-28 16:45:07.365759,2022-03-28 16:45:14.871744,0 days 00:00:07.505985000,433.0651798831809,34.333915475490755,COMPLETE
46,46,1.3959452945248687,2022-03-28 16:45:14.872143,2022-03-28 16:45:20.654720,0 days 00:00:05.782577000,419.47326420600047,27.504558778140677,COMPLETE
47,47,1.3984741809279935,2022-03-28 16:45:20.655113,2022-03-28 16:45:32.510539,0 days 00:00:11.855426000,482.56380965795455,49.97286031911856,COMPLETE
48,48,1.474788470614634,2022-03-28 16:45:32.511214,2022-03-28 16:45:55.716807,0 days 00:00:23.205593000,499.708812993794,93.45966594738023,COMPLETE
49,49,1.4353025017838275,2022-03-28 16:45:55.717228,2022-03-28 16:46:16.979866,0 days 00:00:21.262638000,461.34232604851974,92.55017366202458,COMPLETE
