,number,value,datetime_start,datetime_complete,duration,params_ANTS,params_EVA_RATE,params_ITERATIONS,params_Q,state
0,0,2.2976221218614152,2022-03-24 00:44:12.573308,2022-03-24 00:49:28.376640,0 days 00:05:15.803332000,330,0.409277466764596,313,0.039017238901797535,COMPLETE
1,1,2.269429898521191,2022-03-24 00:49:28.377430,2022-03-24 00:49:50.007965,0 days 00:00:21.630535000,182,0.0010588554512489523,58,0.17498863566598089,COMPLETE
2,2,2.2245046950839718,2022-03-24 00:49:50.008472,2022-03-24 01:03:44.659686,0 days 00:13:54.651214000,492,0.932685915045276,407,0.46083964706204994,COMPLETE
3,3,2.2899415416079467,2022-03-24 01:03:44.660467,2022-03-24 01:15:30.924523,0 days 00:11:46.264056000,536,0.5505031051183167,296,0.2926513981021188,COMPLETE
4,4,2.258375038441179,2022-03-24 01:15:30.925313,2022-03-24 01:19:52.499469,0 days 00:04:21.574156000,361,0.720284159017301,222,0.030895773038827734,COMPLETE
5,5,2.242127878286494,2022-03-24 01:19:52.500322,2022-03-24 01:33:20.593456,0 days 00:13:28.093134000,410,0.8015798035005763,549,0.7586626528479139,COMPLETE
6,6,2.2510709168456944,2022-03-24 01:33:20.594302,2022-03-24 01:33:55.508930,0 days 00:00:34.914628000,174,0.7751789958748513,101,0.6926993387457793,COMPLETE
7,7,2.2562127322852232,2022-03-24 01:33:55.509696,2022-03-24 01:34:02.507230,0 days 00:00:06.997534000,41,0.10611539010173177,157,0.25707676776490074,COMPLETE
8,8,2.2389281936973324,2022-03-24 01:34:02.507788,2022-03-24 01:40:14.406434,0 days 00:06:11.898646000,418,0.11781661813347244,243,0.5349641275379575,COMPLETE
9,9,2.2721872607839013,2022-03-24 01:40:14.407282,2022-03-24 01:43:02.279053,0 days 00:02:47.871771000,528,0.35808270394174435,72,0.21946314557735824,COMPLETE
10,10,2.311241805026485,2022-03-24 01:43:02.279867,2022-03-24 01:47:57.017963,0 days 00:04:54.738096000,280,0.38139895518022243,391,0.9448723075073162,COMPLETE
11,11,2.3152343297555915,2022-03-24 01:47:57.018814,2022-03-24 01:52:41.061911,0 days 00:04:44.043097000,271,0.38585881773615893,397,0.9590152144086511,COMPLETE
12,12,2.2931502811933906,2022-03-24 01:52:41.062724,2022-03-24 01:56:41.983974,0 days 00:04:00.921250000,238,0.29349625788182454,415,0.9946640215783237,COMPLETE
13,13,2.261418006244288,2022-03-24 01:56:41.984798,2022-03-24 02:00:44.959207,0 days 00:04:02.974409000,237,0.5494492138035939,424,0.9894948078522416,COMPLETE
14,14,2.267444703944038,2022-03-24 02:00:44.960069,2022-03-24 02:01:45.939698,0 days 00:01:00.979629000,89,0.24788269778139993,486,0.8092774244315735,COMPLETE
15,15,2.298476349885916,2022-03-24 02:01:45.940497,2022-03-24 02:06:30.246355,0 days 00:04:44.305858000,299,0.4757397056871251,337,0.8733545562059557,COMPLETE
16,16,2.236847488324937,2022-03-24 02:06:30.247168,2022-03-24 02:07:53.775978,0 days 00:01:23.528810000,133,0.6035409841067656,368,0.620493196004831,COMPLETE
17,17,2.2916610063724976,2022-03-24 02:07:53.776788,2022-03-24 02:13:40.864101,0 days 00:05:47.087313000,264,0.20407079369945655,504,0.8899139051500073,COMPLETE
18,18,2.279601991170707,2022-03-24 02:13:40.864902,2022-03-24 02:24:00.552045,0 days 00:10:19.687143000,389,0.4175545642402397,464,0.3974171996450152,COMPLETE
19,19,2.2622304323842513,2022-03-24 02:24:00.552869,2022-03-24 02:26:49.088532,0 days 00:02:48.535663000,209,0.6536932479168055,363,0.6151064989364642,COMPLETE
20,20,2.145756731285032,2022-03-24 02:26:49.089350,2022-03-24 02:26:53.479440,0 days 00:00:04.390090000,305,0.32113266976401256,5,0.8966065401150536,COMPLETE
21,21,2.2590903915486837,2022-03-24 02:26:53.479944,2022-03-24 02:31:33.565248,0 days 00:04:40.085304000,296,0.46243198137705493,334,0.8772496806285656,COMPLETE
22,22,2.2757278239327596,2022-03-24 02:31:33.566061,2022-03-24 02:36:09.443253,0 days 00:04:35.877192000,340,0.5088420800850164,260,0.7646104537897419,COMPLETE
23,23,2.2851020227925827,2022-03-24 02:36:09.444082,2022-03-24 02:40:24.840117,0 days 00:04:15.396035000,267,0.37734546963312754,367,0.9251643278849665,COMPLETE
24,24,2.2690237773904554,2022-03-24 02:40:24.840949,2022-03-24 02:46:26.265560,0 days 00:06:01.424611000,456,0.1942949188688738,203,0.8199608906228953,COMPLETE
25,25,2.260895966203506,2022-03-24 02:46:26.266368,2022-03-24 02:48:04.999845,0 days 00:01:38.733477000,134,0.47672263361862244,430,0.6935726421818297,COMPLETE
26,26,2.242570055147298,2022-03-24 02:48:05.000675,2022-03-24 02:54:39.449787,0 days 00:06:34.449112000,362,0.6330262992523096,336,0.9602681564314212,COMPLETE
27,27,2.2964979086959296,2022-03-24 02:54:39.450645,2022-03-24 02:58:22.092781,0 days 00:03:42.642136000,284,0.2722060033793366,287,0.8356683291218728,COMPLETE
28,28,2.363391796190003,2022-03-24 02:58:22.093610,2022-03-24 03:01:43.404051,0 days 00:03:21.310441000,223,0.445873551891101,391,0.7190494076072804,COMPLETE
29,29,2.299582137911688,2022-03-24 03:01:43.404858,2022-03-24 03:05:46.569650,0 days 00:04:03.164792000,207,0.3965821242840716,534,0.6986289774012734,COMPLETE
30,30,2.178149567802719,2022-03-24 03:05:46.570454,2022-03-24 03:05:53.603758,0 days 00:00:07.033304000,17,0.9953557146415284,453,0.593450283742212,COMPLETE
31,31,2.27851096623418,2022-03-24 03:05:53.604283,2022-03-24 03:10:01.912618,0 days 00:04:08.308335000,207,0.3855348737470822,543,0.6990101546012921,COMPLETE
32,32,2.240272784663013,2022-03-24 03:10:01.913453,2022-03-24 03:11:56.458896,0 days 00:01:54.545443000,157,0.42613277188691084,392,0.7370887812848427,COMPLETE
33,33,2.2926934627613553,2022-03-24 03:11:56.459711,2022-03-24 03:16:13.089624,0 days 00:04:16.629913000,218,0.3240187213760586,518,0.45491045528413826,COMPLETE
34,34,2.3312611608133915,2022-03-24 03:16:13.090496,2022-03-24 03:17:26.991977,0 days 00:01:13.901481000,104,0.5244308522845916,473,0.9515164729994935,COMPLETE
35,35,2.2777474195417,2022-03-24 03:17:26.992802,2022-03-24 03:18:29.375782,0 days 00:01:02.382980000,92,0.5435241975711804,474,0.9395200951912617,COMPLETE
36,36,2.277022077829365,2022-03-24 03:18:29.376613,2022-03-24 03:19:03.985494,0 days 00:00:34.608881000,69,0.575564937359803,394,0.8266908549891627,COMPLETE
37,37,2.250136554863603,2022-03-24 03:19:03.986280,2022-03-24 03:20:46.349572,0 days 00:01:42.363292000,133,0.7260655003988798,453,0.9983982863168125,COMPLETE
38,38,2.318349476404592,2022-03-24 03:20:46.350392,2022-03-24 03:25:52.883380,0 days 00:05:06.532988000,328,0.6983799254366827,309,0.07773947937988401,COMPLETE
39,39,2.3097649220841507,2022-03-24 03:25:52.884197,2022-03-24 03:31:06.220542,0 days 00:05:13.336345000,332,0.8572359626925019,310,0.146781888404058,COMPLETE
40,40,2.23012398961211,2022-03-24 03:31:06.221402,2022-03-24 03:32:10.945075,0 days 00:01:04.723673000,173,0.6846881506134687,187,0.381983526450219,COMPLETE
41,41,2.313426889096908,2022-03-24 03:32:10.945912,2022-03-24 03:36:18.749140,0 days 00:04:07.803228000,255,0.8221042308800605,387,0.06654254401364529,COMPLETE
42,42,2.289965947098113,2022-03-24 03:36:18.749981,2022-03-24 03:39:02.917255,0 days 00:02:44.167274000,247,0.8698940173525285,270,0.08315710877696553,COMPLETE
43,43,2.295314293480647,2022-03-24 03:39:02.918121,2022-03-24 03:47:59.806547,0 days 00:08:56.888426000,370,0.7912183469028611,437,0.004302761065182167,COMPLETE
44,44,2.292365083713686,2022-03-24 03:47:59.807388,2022-03-24 03:52:53.802038,0 days 00:04:53.994650000,319,0.7348342015725957,311,0.12562799768484947,COMPLETE
45,45,2.2649155602853175,2022-03-24 03:52:53.802858,2022-03-24 04:01:54.913317,0 days 00:09:01.110459000,417,0.8724122492631529,358,0.210401990709683,COMPLETE
46,46,2.2983799579695394,2022-03-24 04:01:54.914172,2022-03-24 04:06:17.206260,0 days 00:04:22.292088000,255,0.9216011729271505,408,0.052010847733102675,COMPLETE
47,47,2.268350265149223,2022-03-24 04:06:17.207098,2022-03-24 04:09:24.846360,0 days 00:03:07.639262000,187,0.6808740934335638,487,0.3607771806414298,COMPLETE
48,48,2.2532438222803397,2022-03-24 04:09:24.847194,2022-03-24 04:16:05.726295,0 days 00:06:40.879101000,447,0.8238891282704021,234,0.29548055591518496,COMPLETE
49,49,2.269157767110893,2022-03-24 04:16:05.727176,2022-03-24 04:19:41.067508,0 days 00:03:35.340332000,236,0.6057782082345928,381,0.5255188940612273,COMPLETE
