,number,value,datetime_start,datetime_complete,duration,params_ANTS,params_EVA_RATE,params_ITERATIONS,params_Q,state
0,0,1.0996463531128,2022-04-14 16:38:45.849987,2022-04-14 16:40:20.468835,0 days 00:01:34.618848000,364,0.903092885333435,73,0.438769043224063,COMPLETE
1,1,1.17129012583038,2022-04-14 16:40:20.469780,2022-04-14 16:41:28.747448,0 days 00:01:08.277668000,170,0.378061237528894,188,0.849871165280632,COMPLETE
2,2,1.1270200855123,2022-04-14 16:41:28.748372,2022-04-14 16:41:35.008270,0 days 00:00:06.259898000,24,0.650928005115252,243,0.504641802234232,COMPLETE
3,3,1.12682858460018,2022-04-14 16:41:35.008884,2022-04-14 16:41:45.917377,0 days 00:00:10.908493000,63,0.76543772174902,127,0.800611229757023,COMPLETE
4,4,1.06750200098314,2022-04-14 16:41:45.918244,2022-04-14 16:41:57.942298,0 days 00:00:12.024054000,240,0.872475386290519,19,0.921996124340788,COMPLETE
5,5,1.11258326492106,2022-04-14 16:41:57.942913,2022-04-14 16:42:21.850523,0 days 00:00:23.907610000,95,0.929877389807599,158,0.180582351779029,COMPLETE
6,6,1.1524686488588,2022-04-14 16:42:21.851131,2022-04-14 16:49:08.896761,0 days 00:06:47.045630000,479,0.225825749359972,194,0.562208493267429,COMPLETE
7,7,1.13994607384206,2022-04-14 16:49:08.897649,2022-04-14 16:49:19.549525,0 days 00:00:10.651876000,66,0.103240040821909,117,0.255405626174753,COMPLETE
8,8,1.12622008267548,2022-04-14 16:49:19.550157,2022-04-14 16:54:37.067474,0 days 00:05:17.517317000,295,0.522747255341059,357,0.576705918724122,COMPLETE
9,9,1.13725409870256,2022-04-14 16:54:37.068399,2022-04-14 16:58:24.212440,0 days 00:03:47.144041000,260,0.306942532609251,316,0.286604440796091,COMPLETE
10,10,1.14717054170465,2022-04-14 16:58:24.213355,2022-04-14 17:01:19.608126,0 days 00:02:55.394771000,173,0.516354233930627,477,0.768997768333686,COMPLETE
11,11,1.12948475089652,2022-04-14 17:01:19.609074,2022-04-14 17:07:04.829984,0 days 00:05:45.220910000,412,0.294223653650357,217,0.678781004829587,COMPLETE
12,12,1.14719626137629,2022-04-14 17:07:04.830895,2022-04-14 17:19:04.581588,0 days 00:11:59.750693000,489,0.315700946646617,332,0.972006915803368,COMPLETE
13,13,1.15239985360228,2022-04-14 17:19:04.582524,2022-04-14 17:20:05.624394,0 days 00:01:01.041870000,150,0.111336114872547,203,0.375034641626545,COMPLETE
14,14,1.18346280494323,2022-04-14 17:20:05.625366,2022-04-14 17:30:14.972828,0 days 00:10:09.347462000,489,0.433752012698272,278,0.654776561575985,COMPLETE
15,15,1.1298926898621,2022-04-14 17:30:14.973765,2022-04-14 17:38:41.928834,0 days 00:08:26.955069000,356,0.437941337810572,410,0.796086642235981,COMPLETE
16,16,1.13777226047896,2022-04-14 17:38:41.929737,2022-04-14 17:40:43.915340,0 days 00:02:01.985603000,186,0.399347960462334,294,0.665172125015538,COMPLETE
17,17,1.14106622929771,2022-04-14 17:40:43.916295,2022-04-14 17:45:17.666902,0 days 00:04:33.750607000,319,0.64550854782644,269,0.881223108288304,COMPLETE
18,18,1.1285020730434,2022-04-14 17:45:17.667829,2022-04-14 17:55:49.520347,0 days 00:10:31.852518000,411,0.422152784365238,399,0.682284241946936,COMPLETE
19,19,1.1034243549906,2022-04-14 17:55:49.521258,2022-04-14 17:58:16.396150,0 days 00:02:26.874892000,223,0.627062281819988,267,0.870737208930663,COMPLETE
20,20,1.11164301033937,2022-04-14 17:58:16.397074,2022-04-14 17:58:30.010783,0 days 00:00:13.613709000,133,0.213555768462143,56,0.987174574968491,COMPLETE
21,21,1.14207442192628,2022-04-14 17:58:30.011410,2022-04-14 18:05:02.814724,0 days 00:06:32.803314000,485,0.227458998575448,184,0.595516080138931,COMPLETE
22,22,1.16606827802904,2022-04-14 18:05:02.815675,2022-04-14 18:09:33.564037,0 days 00:04:30.748362000,437,0.203896123321602,154,0.497984213298447,COMPLETE
23,23,1.14265979939176,2022-04-14 18:09:33.564921,2022-04-14 18:13:21.600137,0 days 00:03:48.035216000,433,0.365131755163275,132,0.439066460536727,COMPLETE
24,24,1.09915578909194,2022-04-14 18:13:21.601043,2022-04-14 18:15:49.964714,0 days 00:02:28.363671000,430,0.502743524125875,87,0.718899426719509,COMPLETE
25,25,1.14058247732487,2022-04-14 18:15:49.965591,2022-04-14 18:20:58.826189,0 days 00:05:08.860598000,373,0.173038778823731,233,0.498669560551685,COMPLETE
26,26,1.10555664411738,2022-04-14 18:20:58.827115,2022-04-14 18:26:14.211351,0 days 00:05:15.384236000,455,0.346313427948126,167,0.610077572681411,COMPLETE
27,27,1.17726738606985,2022-04-14 18:26:14.212232,2022-04-14 18:30:17.586122,0 days 00:04:03.373890000,290,0.460236353390571,285,0.386517799124127,COMPLETE
28,28,1.15118327424317,2022-04-14 18:30:17.587020,2022-04-14 18:35:56.551649,0 days 00:05:38.964629000,300,0.456783448768652,375,0.365409612682865,COMPLETE
29,29,1.11660660102124,2022-04-14 18:35:56.552581,2022-04-14 18:38:15.291565,0 days 00:02:18.738984000,203,0.582476669365837,294,0.400619363458291,COMPLETE
30,30,1.16355746289549,2022-04-14 18:38:15.292494,2022-04-14 18:47:02.781840,0 days 00:08:47.489346000,346,0.57381994268054,449,0.30625801558469,COMPLETE
31,31,1.1661529914568,2022-04-14 18:47:02.782801,2022-04-14 18:53:26.319040,0 days 00:06:23.536239000,398,0.268951404751095,255,0.484328160858283,COMPLETE
32,32,1.16765250697518,2022-04-14 18:53:26.319963,2022-04-14 18:56:40.861550,0 days 00:03:14.541587000,270,0.454858814876588,258,0.425731117054744,COMPLETE
33,33,1.13605781582195,2022-04-14 18:56:40.862526,2022-04-14 19:00:07.881861,0 days 00:03:27.019335000,261,0.378576313903294,291,0.13265255557102,COMPLETE
34,34,1.1857821541696,2022-04-14 19:00:07.882833,2022-04-14 19:00:14.577955,0 days 00:00:06.695122000,20,0.729411555963306,335,0.430773767439373,COMPLETE
35,35,1.11933688426173,2022-04-14 19:00:14.578581,2022-04-14 19:00:23.325673,0 days 00:00:08.747092000,25,0.781420329691163,336,0.340998901359286,COMPLETE
36,36,1.13080594425534,2022-04-14 19:00:23.326296,2022-04-14 19:01:40.360824,0 days 00:01:17.034528000,118,0.702540152475113,383,0.215922145782061,COMPLETE
37,37,1.14491021126795,2022-04-14 19:01:40.361710,2022-04-14 19:01:40.730660,0 days 00:00:00.368950000,2,0.791219891574002,228,0.466010582478723,COMPLETE
38,38,1.11266454608531,2022-04-14 19:01:40.731255,2022-04-14 19:02:24.574636,0 days 00:00:43.843381000,85,0.985433665522325,351,0.529467575828119,COMPLETE
39,39,1.12075017748038,2022-04-14 19:02:24.575568,2022-04-14 19:02:46.732959,0 days 00:00:22.157391000,57,0.714450449769126,305,0.63655027996907,COMPLETE
40,40,1.07148691237364,2022-04-14 19:02:46.733617,2022-04-14 19:02:55.536696,0 days 00:00:08.803079000,222,0.842810166376024,16,0.819351527724668,COMPLETE
41,41,1.12429108867205,2022-04-14 19:02:55.537321,2022-04-14 19:06:19.477458,0 days 00:03:23.940137000,279,0.504757768090393,256,0.427575012615367,COMPLETE
42,42,1.16662858197455,2022-04-14 19:06:19.478415,2022-04-14 19:11:06.170696,0 days 00:04:46.692281000,324,0.484693891346623,277,0.554128413218639,COMPLETE
43,43,1.14219206485992,2022-04-14 19:11:06.171679,2022-04-14 19:12:52.008063,0 days 00:01:45.836384000,163,0.551056263336351,319,0.316477279062495,COMPLETE
44,44,1.131619580813,2022-04-14 19:12:52.008996,2022-04-14 19:15:09.057957,0 days 00:02:17.048961000,240,0.462667524617743,218,0.268481867030659,COMPLETE
45,45,1.15282683867789,2022-04-14 19:15:09.058909,2022-04-14 19:15:52.736810,0 days 00:00:43.677901000,108,0.397895541189692,242,0.456352157976736,COMPLETE
46,46,1.14021370085906,2022-04-14 19:15:52.737408,2022-04-14 19:18:19.903227,0 days 00:02:27.165819000,276,0.342980493370852,187,0.736360122246545,COMPLETE
47,47,1.17298492995754,2022-04-14 19:18:19.904179,2022-04-14 19:18:35.290601,0 days 00:00:15.386422000,39,0.696424247833301,342,0.41197277137051,COMPLETE
48,48,1.15082954882536,2022-04-14 19:18:35.291248,2022-04-14 19:18:59.718075,0 days 00:00:24.426827000,47,0.692996401049382,429,0.225746342721379,COMPLETE
49,49,1.09337674050578,2022-04-14 19:18:59.718695,2022-04-14 19:19:09.388240,0 days 00:00:09.669545000,26,0.828678572116476,351,0.933919540183323,COMPLETE
,,1.1857821541696,,,,,,,,
