,number,value,datetime_start,datetime_complete,duration,params_ANTS,params_EVA_RATE,params_ITERATIONS,params_Q,state
0,0,2.0937584245637786,2022-03-28 22:56:02.690466,2022-03-28 23:06:51.668590,0 days 00:10:48.978124000,359,0.0008513831069331124,525,0.04026913399486942,COMPLETE
1,1,2.081783279628735,2022-03-28 23:06:51.669658,2022-03-28 23:18:59.279787,0 days 00:12:07.610129000,487,0.5761112890310648,342,0.277331598474825,COMPLETE
2,2,2.053520056137611,2022-03-28 23:18:59.280583,2022-03-28 23:32:24.262533,0 days 00:13:24.981950000,416,0.8305915468721389,503,0.4066945952880934,COMPLETE
3,3,2.178465163394276,2022-03-28 23:32:24.263327,2022-03-28 23:35:40.911971,0 days 00:03:16.648644000,197,0.14914900968551303,443,0.883147989207216,COMPLETE
4,4,2.0673429921296953,2022-03-28 23:35:40.912914,2022-03-28 23:36:57.877719,0 days 00:01:16.964805000,117,0.6829131014600419,393,0.5624707666510127,COMPLETE
5,5,2.0823495172037108,2022-03-28 23:36:57.878504,2022-03-28 23:42:05.496678,0 days 00:05:07.618174000,232,0.7652433064668671,531,0.20056958605023478,COMPLETE
6,6,1.945694799473894,2022-03-28 23:42:05.497476,2022-03-28 23:42:50.123298,0 days 00:00:44.625822000,474,0.9622694826649816,22,0.6472010566436704,COMPLETE
7,7,2.103879967107851,2022-03-28 23:42:50.124003,2022-03-28 23:45:02.854889,0 days 00:02:12.730886000,152,0.5169426724160023,454,0.20260106548790124,COMPLETE
8,8,1.945066456037716,2022-03-28 23:45:02.855818,2022-03-28 23:57:55.311256,0 days 00:12:52.455438000,420,0.9799275243705573,473,0.5646561345973334,COMPLETE
9,9,2.0819257449222306,2022-03-28 23:57:55.312026,2022-03-29 00:19:07.383610,0 days 00:21:12.071584000,510,0.20282707884459106,549,0.9223488199485722,COMPLETE
10,10,2.0641664089692116,2022-03-29 00:19:07.384539,2022-03-29 00:19:07.690374,0 days 00:00:00.305835000,2,0.2792100300164021,193,0.977669745441291,COMPLETE
11,11,2.109277392817585,2022-03-29 00:19:07.690849,2022-03-29 00:21:23.212262,0 days 00:02:15.521413000,213,0.3755303199596366,269,0.7855240650044796,COMPLETE
12,12,2.070456344864884,2022-03-29 00:21:23.213057,2022-03-29 00:23:32.569038,0 days 00:02:09.355981000,246,0.31881614090194266,202,0.7749414208077225,COMPLETE
13,13,2.05488503189224,2022-03-29 00:23:32.569828,2022-03-29 00:24:43.517437,0 days 00:01:10.947609000,139,0.10981807474670763,277,0.7737195161237825,COMPLETE
14,14,2.081889024437848,2022-03-29 00:24:43.518240,2022-03-29 00:26:38.231558,0 days 00:01:54.713318000,305,0.40888978158673217,124,0.8066372628045595,COMPLETE
15,15,2.041831430057583,2022-03-29 00:26:38.232362,2022-03-29 00:26:45.464601,0 days 00:00:07.232239000,22,0.4033458677685522,336,0.8768424172792827,COMPLETE
16,16,2.0860193875707855,2022-03-29 00:26:45.465084,2022-03-29 00:29:23.055531,0 days 00:02:37.590447000,184,0.12059611431327932,395,0.6875351287910489,COMPLETE
17,17,2.047279314394681,2022-03-29 00:29:23.056381,2022-03-29 00:29:41.706097,0 days 00:00:18.649716000,66,0.020716689709580627,214,0.43666395060907337,COMPLETE
18,18,2.0734621236068933,2022-03-29 00:29:41.706838,2022-03-29 00:34:07.854007,0 days 00:04:26.147169000,302,0.23125430946225395,292,0.9987829085889882,COMPLETE
19,19,2.0716713733864993,2022-03-29 00:34:07.854827,2022-03-29 00:35:02.719181,0 days 00:00:54.864354000,202,0.3320301207008889,119,0.6912983768652782,COMPLETE
20,20,2.101190392833601,2022-03-29 00:35:02.719922,2022-03-29 00:42:48.180156,0 days 00:07:45.460234000,347,0.4398034847543839,401,0.8591621949427677,COMPLETE
21,21,2.0815698361202046,2022-03-29 00:42:48.180965,2022-03-29 00:44:47.893297,0 days 00:01:59.712332000,142,0.5147637424995832,454,0.014453833594731236,COMPLETE
22,22,2.0767334177640997,2022-03-29 00:44:47.894113,2022-03-29 00:45:36.132848,0 days 00:00:48.238735000,79,0.5922632143068574,436,0.2610854799002166,COMPLETE
23,23,2.0696299593958054,2022-03-29 00:45:36.133688,2022-03-29 00:47:52.568835,0 days 00:02:16.435147000,188,0.5100539016726122,327,0.10753663717198142,COMPLETE
24,24,2.049964783486732,2022-03-29 00:47:52.569661,2022-03-29 00:50:47.584896,0 days 00:02:55.015235000,264,0.1265536464387548,242,0.37012879153424627,COMPLETE
25,25,2.0844226629066283,2022-03-29 00:50:47.585836,2022-03-29 00:52:46.511847,0 days 00:01:58.926011000,165,0.6474307095156521,356,0.5110472380417178,COMPLETE
26,26,2.0892021678932817,2022-03-29 00:52:46.512666,2022-03-29 00:53:57.331345,0 days 00:01:10.818679000,104,0.21017274881859294,428,0.6292388152891102,COMPLETE
27,27,2.0896860325115036,2022-03-29 00:53:57.332090,2022-03-29 00:58:26.384496,0 days 00:04:29.052406000,223,0.36647252353828963,494,0.33256010163574745,COMPLETE
28,28,2.042867829396341,2022-03-29 00:58:26.385320,2022-03-29 01:00:16.662115,0 days 00:01:50.276795000,281,0.4845106400474432,137,0.16370245852712587,COMPLETE
29,29,2.081453248297822,2022-03-29 01:00:16.662936,2022-03-29 01:00:39.053330,0 days 00:00:22.390394000,59,0.015954486304028237,301,0.7300628869994542,COMPLETE
30,30,2.1415855869080462,2022-03-29 01:00:39.054052,2022-03-29 01:07:16.298337,0 days 00:06:37.244285000,330,0.2656482640001212,373,0.09397912908053419,COMPLETE
31,31,2.0940075026947915,2022-03-29 01:07:16.299278,2022-03-29 01:14:42.088531,0 days 00:07:25.789253000,352,0.24950177345806662,373,0.20438320022755643,COMPLETE
32,32,2.0963140525942316,2022-03-29 01:14:42.089347,2022-03-29 01:21:37.701084,0 days 00:06:55.611737000,316,0.15225434712875555,421,0.06622487705100485,COMPLETE
33,33,2.1160280983719444,2022-03-29 01:21:37.701898,2022-03-29 01:33:39.335665,0 days 00:12:01.633767000,403,0.3580179864490984,476,0.1086895563891212,COMPLETE
34,34,2.077212742295917,2022-03-29 01:33:39.336471,2022-03-29 01:47:13.720324,0 days 00:13:34.383853000,420,0.28958568922425554,497,0.12234921893236865,COMPLETE
35,35,2.1074694970637458,2022-03-29 01:47:13.721261,2022-03-29 01:53:26.828609,0 days 00:06:13.107348000,397,0.07083675163980907,252,0.2851846728025747,COMPLETE
36,36,2.086874457540236,2022-03-29 01:53:26.829440,2022-03-29 02:01:42.747088,0 days 00:08:15.917648000,375,0.3764187540214821,371,0.05350535497587211,COMPLETE
37,37,2.172624183354393,2022-03-29 02:01:42.747890,2022-03-29 02:18:05.947294,0 days 00:16:23.199404000,458,0.18680184451354742,515,0.8515927307455353,COMPLETE
38,38,2.0699818867328124,2022-03-29 02:18:05.948134,2022-03-29 02:35:11.919301,0 days 00:17:05.971167000,462,0.16596262798386396,529,0.45676589869281103,COMPLETE
39,39,2.1432545025513448,2022-03-29 02:35:11.920121,2022-03-29 02:50:10.598118,0 days 00:14:58.677997000,453,0.06648235827816276,480,0.8996122814207559,COMPLETE
40,40,2.0683163610411546,2022-03-29 02:50:10.598960,2022-03-29 03:12:11.870708,0 days 00:22:01.271748000,541,0.06086480758940016,512,0.912763383632493,COMPLETE
41,41,2.1003525241931107,2022-03-29 03:12:11.871663,2022-03-29 03:27:21.992301,0 days 00:15:10.120638000,457,0.18022155189598404,478,0.9498946924808976,COMPLETE
42,42,2.104149277011452,2022-03-29 03:27:21.993116,2022-03-29 03:48:03.009136,0 days 00:20:41.016020000,503,0.07557923173746245,547,0.8626188680557445,COMPLETE
43,43,2.092671453271519,2022-03-29 03:48:03.009962,2022-03-29 04:00:58.136782,0 days 00:12:55.126820000,427,0.25386944843025067,461,0.8407896122656665,COMPLETE
44,44,2.114239106282018,2022-03-29 04:00:58.137613,2022-03-29 04:11:59.718668,0 days 00:11:01.581055000,376,0.29105495980572604,493,0.9161348948644926,COMPLETE
45,45,2.0989610493444806,2022-03-29 04:11:59.719477,2022-03-29 04:25:32.395585,0 days 00:13:32.676108000,446,0.19805832797099132,446,0.5930346039236447,COMPLETE
46,46,2.0158059252976175,2022-03-29 04:25:32.396390,2022-03-29 04:43:59.230405,0 days 00:18:26.834015000,487,0.866777527699018,519,0.8304342166145126,COMPLETE
47,47,2.1152698731301984,2022-03-29 04:43:59.231204,2022-03-29 05:01:00.507161,0 days 00:17:01.275957000,529,0.32684631284556187,410,0.5085738799251672,COMPLETE
48,48,2.098188075505711,2022-03-29 05:01:00.507974,2022-03-29 05:12:23.646715,0 days 00:11:23.138741000,396,0.08753709622520352,463,0.7193189217268156,COMPLETE
49,49,2.1371980992355866,2022-03-29 05:12:23.647550,2022-03-29 05:26:30.968854,0 days 00:14:07.321304000,440,0.15437482005651837,476,0.9365207879067269,COMPLETE
