,number,value,datetime_start,datetime_complete,duration,params_iterations,params_swarm_size,state
0,0,1.3332555315842498,2022-03-28 16:24:31.932743,2022-03-28 16:24:33.144010,0 days 00:00:01.211267000,115.32280682651246,19.759400260639318,COMPLETE
1,1,1.3542545032960267,2022-03-28 16:24:33.144443,2022-03-28 16:24:34.473235,0 days 00:00:01.328792000,224.83398698294627,11.911433784871353,COMPLETE
2,2,1.4065932372748677,2022-03-28 16:24:34.473948,2022-03-28 16:24:44.117080,0 days 00:00:09.643132000,470.8415497285313,40.607893143013726,COMPLETE
3,3,1.3427315513669469,2022-03-28 16:24:44.117752,2022-03-28 16:24:45.836978,0 days 00:00:01.719226000,190.53001504731083,17.608045628669643,COMPLETE
4,4,1.3693680294208712,2022-03-28 16:24:45.837613,2022-03-28 16:24:54.723607,0 days 00:00:08.885994000,261.8035772917335,67.44235118311812,COMPLETE
5,5,1.3663552220406612,2022-03-28 16:24:54.724241,2022-03-28 16:24:58.964488,0 days 00:00:04.240247000,309.72474201048,27.66515381942448,COMPLETE
6,6,1.3833129624441882,2022-03-28 16:24:58.964858,2022-03-28 16:25:04.054658,0 days 00:00:05.089800000,261.77262709960155,38.01361667074811,COMPLETE
7,7,1.3427588204886236,2022-03-28 16:25:04.055021,2022-03-28 16:25:06.113326,0 days 00:00:02.058305000,391.8006406961091,10.713939194254932,COMPLETE
8,8,1.4134303373564459,2022-03-28 16:25:06.113690,2022-03-28 16:25:11.696096,0 days 00:00:05.582406000,135.62026176342417,82.03475352967884,COMPLETE
9,9,1.4574576407190938,2022-03-28 16:25:11.696714,2022-03-28 16:25:20.831268,0 days 00:00:09.134554000,206.4059603032594,88.65733314609466,COMPLETE
10,10,1.4433818794761142,2022-03-28 16:25:20.831639,2022-03-28 16:25:38.364426,0 days 00:00:17.532787000,350.12515078157065,99.68978013245062,COMPLETE
11,11,1.4001225643729451,2022-03-28 16:25:38.364802,2022-03-28 16:25:55.498904,0 days 00:00:17.134102000,342.7390764419158,99.99163121197473,COMPLETE
12,12,1.4689246559883233,2022-03-28 16:25:55.499608,2022-03-28 16:26:15.098121,0 days 00:00:19.598513000,390.1963446007551,98.31061372552603,COMPLETE
13,13,1.4518080380742537,2022-03-28 16:26:15.098622,2022-03-28 16:26:33.436143,0 days 00:00:18.337521000,443.3268933983672,81.85332033363227,COMPLETE
14,14,1.4420153934898643,2022-03-28 16:26:33.436851,2022-03-28 16:26:49.547983,0 days 00:00:16.111132000,391.2517706106299,82.62829270842316,COMPLETE
15,15,1.4491850082748639,2022-03-28 16:26:49.548394,2022-03-28 16:26:55.128986,0 days 00:00:05.580592000,172.92875229659182,64.87729752344453,COMPLETE
16,16,1.4282289507349721,2022-03-28 16:26:55.129359,2022-03-28 16:27:14.826006,0 days 00:00:19.696647000,426.9616573634932,91.28437594557616,COMPLETE
17,17,1.498165544924859,2022-03-28 16:27:14.826376,2022-03-28 16:27:31.734325,0 days 00:00:16.907949000,496.3614638029949,68.98733679112941,COMPLETE
18,18,1.444296634557819,2022-03-28 16:27:31.734962,2022-03-28 16:27:48.557903,0 days 00:00:16.822941000,498.74032621371293,67.05539705251552,COMPLETE
19,19,1.4823267300842355,2022-03-28 16:27:48.558402,2022-03-28 16:28:01.953313,0 days 00:00:13.394911000,490.23373356903755,54.37877752860853,COMPLETE
20,20,1.4543758803654883,2022-03-28 16:28:01.953820,2022-03-28 16:28:15.210495,0 days 00:00:13.256675000,484.54435866480634,54.318538189663634,COMPLETE
21,21,1.4065932372748677,2022-03-28 16:28:15.210945,2022-03-28 16:28:26.859700,0 days 00:00:11.648755000,420.2780860693285,55.42837652663448,COMPLETE
22,22,1.4230565949114047,2022-03-28 16:28:26.860109,2022-03-28 16:28:38.542589,0 days 00:00:11.682480000,445.6575079508469,52.68639142622908,COMPLETE
23,23,1.3771885338344858,2022-03-28 16:28:38.543272,2022-03-28 16:28:46.868058,0 days 00:00:08.324786000,392.31198613766304,42.53298599888724,COMPLETE
24,24,1.4301113021313872,2022-03-28 16:28:46.868441,2022-03-28 16:29:03.998371,0 days 00:00:17.129930000,466.0535024787194,73.7545221127775,COMPLETE
25,25,1.3874801800386194,2022-03-28 16:29:03.998748,2022-03-28 16:29:12.680734,0 days 00:00:08.681986000,351.4074685537045,49.15939070362817,COMPLETE
26,26,1.48810323902611,2022-03-28 16:29:12.681109,2022-03-28 16:29:24.841775,0 days 00:00:12.160666000,407.5849466064684,59.90015628424959,COMPLETE
27,27,1.4778849283847448,2022-03-28 16:29:24.842157,2022-03-28 16:29:40.168823,0 days 00:00:15.326666000,499.6697033860126,61.4223780484205,COMPLETE
28,28,1.474788470614634,2022-03-28 16:29:40.169518,2022-03-28 16:29:57.031901,0 days 00:00:16.862383000,453.94731674555857,74.34312220140183,COMPLETE
29,29,1.4320773135898655,2022-03-28 16:29:57.032287,2022-03-28 16:30:03.896451,0 days 00:00:06.864164000,425.61257884184135,31.12028857635127,COMPLETE
30,30,1.4091985849690165,2022-03-28 16:30:03.896967,2022-03-28 16:30:17.929912,0 days 00:00:14.032945000,468.06437226141435,59.722050203301045,COMPLETE
31,31,1.502424722024859,2022-03-28 16:30:17.930364,2022-03-28 16:30:33.281867,0 days 00:00:15.351503000,492.6500480413342,62.08749407505685,COMPLETE
32,32,1.46371801121743,2022-03-28 16:30:33.282572,2022-03-28 16:30:45.135882,0 days 00:00:11.853310000,499.9990430813608,47.20270634225967,COMPLETE
33,33,1.4778849283847448,2022-03-28 16:30:45.136280,2022-03-28 16:31:02.493215,0 days 00:00:17.356935000,470.66420942033653,72.053084895519,COMPLETE
34,34,1.4945878361608596,2022-03-28 16:31:02.493592,2022-03-28 16:31:14.505209,0 days 00:00:12.011617000,413.45073892076516,57.64029176792742,COMPLETE
35,35,1.4646245252623624,2022-03-28 16:31:14.505597,2022-03-28 16:31:25.823621,0 days 00:00:11.318024000,368.95024207711754,61.4255099187291,COMPLETE
36,36,1.440900389403523,2022-03-28 16:31:25.824002,2022-03-28 16:31:37.854497,0 days 00:00:12.030495000,314.29275059807503,76.05848348196717,COMPLETE
37,37,1.4221392336898664,2022-03-28 16:31:37.855167,2022-03-28 16:31:52.326049,0 days 00:00:14.470882000,417.25721841263544,68.9017187015983,COMPLETE
38,38,1.468999440870514,2022-03-28 16:31:52.326447,2022-03-28 16:31:58.496773,0 days 00:00:06.170326000,267.18341727007294,45.154817942679905,COMPLETE
39,39,1.415483031338239,2022-03-28 16:31:58.497161,2022-03-28 16:32:07.044689,0 days 00:00:08.547528000,287.98771130893294,58.221416119179246,COMPLETE
40,40,1.4239687438532753,2022-03-28 16:32:07.045216,2022-03-28 16:32:15.675317,0 days 00:00:08.630101000,443.8652296118696,38.068982187032354,COMPLETE
41,41,1.4718296331898615,2022-03-28 16:32:15.675762,2022-03-28 16:32:27.908929,0 days 00:00:12.233167000,479.45705592538303,51.88505403568962,COMPLETE
42,42,1.3762998401511204,2022-03-28 16:32:27.909349,2022-03-28 16:32:40.956516,0 days 00:00:13.047167000,410.4487362989741,63.09119713867611,COMPLETE
43,43,1.4190850920620617,2022-03-28 16:32:40.957204,2022-03-28 16:32:53.877030,0 days 00:00:12.919826000,453.84408304236473,57.16067567366807,COMPLETE
44,44,1.4598329510248629,2022-03-28 16:32:53.877409,2022-03-28 16:33:10.433126,0 days 00:00:16.555717000,482.07893064055924,68.69304895602167,COMPLETE
45,45,1.4098408598136172,2022-03-28 16:33:10.433502,2022-03-28 16:33:21.175107,0 days 00:00:10.741605000,433.94187993273306,49.986730859426444,COMPLETE
46,46,1.473623335415715,2022-03-28 16:33:21.175500,2022-03-28 16:33:33.940603,0 days 00:00:12.765103000,329.33467626614254,77.62187191891019,COMPLETE
47,47,1.515444252023721,2022-03-28 16:33:33.941254,2022-03-28 16:33:40.501317,0 days 00:00:06.560063000,400.2147520675043,32.68832520614387,COMPLETE
48,48,1.3525726743898727,2022-03-28 16:33:40.501688,2022-03-28 16:33:43.568370,0 days 00:00:03.066682000,369.043470016244,16.106392663180596,COMPLETE
49,49,1.4210211997011162,2022-03-28 16:33:43.568740,2022-03-28 16:33:50.219932,0 days 00:00:06.651192000,403.75265775534615,32.10496428809134,COMPLETE
