,number,value,datetime_start,datetime_complete,duration,params_iterations,params_swarm_size,state
0,0,2.275199167106036,2022-03-28 16:33:56.933496,2022-03-28 16:34:05.789910,0 days 00:00:08.856414000,192.18032082026292,90.92929074426448,COMPLETE
1,1,2.360068110797506,2022-03-28 16:34:05.790416,2022-03-28 16:34:11.780657,0 days 00:00:05.990241000,137.3958395723437,86.85315738279822,COMPLETE
2,2,2.1841912004217945,2022-03-28 16:34:11.781085,2022-03-28 16:34:13.009892,0 days 00:00:01.228807000,120.41150794375582,19.927894055914347,COMPLETE
3,3,2.354676800654126,2022-03-28 16:34:13.010274,2022-03-28 16:34:17.776586,0 days 00:00:04.766312000,101.57012918843303,93.4812386309211,COMPLETE
4,4,2.4056364657935236,2022-03-28 16:34:17.776953,2022-03-28 16:34:20.185573,0 days 00:00:02.408620000,110.73264453584326,42.373510813233736,COMPLETE
5,5,2.2378568318817895,2022-03-28 16:34:20.185945,2022-03-28 16:34:22.140654,0 days 00:00:01.954709000,132.40651989771064,28.37978648315729,COMPLETE
6,6,2.3094110071617826,2022-03-28 16:34:22.141038,2022-03-28 16:34:26.652091,0 days 00:00:04.511053000,128.0225791183075,69.9433432432171,COMPLETE
7,7,2.327299550981781,2022-03-28 16:34:26.652453,2022-03-28 16:34:27.887269,0 days 00:00:01.234816000,105.20000924851138,22.393108553665122,COMPLETE
8,8,2.2192974676685417,2022-03-28 16:34:27.887628,2022-03-28 16:34:31.415284,0 days 00:00:03.527656000,110.54880600384026,62.72816509948061,COMPLETE
9,9,2.2377243241497893,2022-03-28 16:34:31.415936,2022-03-28 16:34:33.386710,0 days 00:00:01.970774000,196.51142276562945,19.9037092558612,COMPLETE
10,10,2.486176321649766,2022-03-28 16:34:33.387073,2022-03-28 16:34:36.681623,0 days 00:00:03.294550000,155.2746658052526,41.797428054761546,COMPLETE
11,11,2.4518971475019433,2022-03-28 16:34:36.681979,2022-03-28 16:34:40.346285,0 days 00:00:03.664306000,166.42044920834653,43.37077686979801,COMPLETE
12,12,2.1447618684185485,2022-03-28 16:34:40.346646,2022-03-28 16:34:44.009231,0 days 00:00:03.662585000,165.102988459766,43.64077546823802,COMPLETE
13,13,2.4518971475019433,2022-03-28 16:34:44.009588,2022-03-28 16:34:47.711464,0 days 00:00:03.701876000,163.04216222741667,44.0631103627206,COMPLETE
14,14,2.393564939393253,2022-03-28 16:34:47.711823,2022-03-28 16:34:50.457383,0 days 00:00:02.745560000,156.53412590937486,34.6201233509651,COMPLETE
15,15,2.358191690117086,2022-03-28 16:34:50.457741,2022-03-28 16:34:55.516745,0 days 00:00:05.059004000,176.2439811629727,56.38546028844494,COMPLETE
16,16,2.189749426537294,2022-03-28 16:34:55.517110,2022-03-28 16:34:56.346284,0 days 00:00:00.829174000,148.1790913700007,10.40599865280955,COMPLETE
17,17,2.2893895985017076,2022-03-28 16:34:56.346644,2022-03-28 16:35:02.869321,0 days 00:00:06.522677000,180.08335105410333,71.99559726724618,COMPLETE
18,18,2.275199167106036,2022-03-28 16:35:02.869685,2022-03-28 16:35:06.908177,0 days 00:00:04.038492000,148.31971719539962,53.75832303706382,COMPLETE
19,19,2.360068110797506,2022-03-28 16:35:06.908538,2022-03-28 16:35:10.957819,0 days 00:00:04.049281000,158.79114381508757,50.07075292393263,COMPLETE
20,20,2.1913466179497942,2022-03-28 16:35:10.958186,2022-03-28 16:35:14.092401,0 days 00:00:03.134215000,179.63041001719523,34.43397524728995,COMPLETE
21,21,2.4007238922065928,2022-03-28 16:35:14.092761,2022-03-28 16:35:17.773106,0 days 00:00:03.680345000,167.6673607030929,43.58243720635139,COMPLETE
22,22,2.275199167106036,2022-03-28 16:35:17.773488,2022-03-28 16:35:20.771427,0 days 00:00:02.997939000,171.5801858578435,34.22454428945041,COMPLETE
23,23,2.4130090087628164,2022-03-28 16:35:20.771803,2022-03-28 16:35:24.058141,0 days 00:00:03.286338000,139.8414427480066,46.923273169758666,COMPLETE
24,24,2.358191690117086,2022-03-28 16:35:24.058507,2022-03-28 16:35:29.172508,0 days 00:00:05.114001000,157.86120727810882,64.71434583900466,COMPLETE
25,25,2.4130090087628164,2022-03-28 16:35:29.172870,2022-03-28 16:35:36.734090,0 days 00:00:07.561220000,186.260691756069,80.15965045201804,COMPLETE
26,26,2.360068110797506,2022-03-28 16:35:36.734727,2022-03-28 16:35:39.862262,0 days 00:00:03.127535000,163.99914267284188,37.81777241635879,COMPLETE
27,27,2.3536685896497787,2022-03-28 16:35:39.862630,2022-03-28 16:35:44.420244,0 days 00:00:04.557614000,151.85013726395033,59.44793533652125,COMPLETE
28,28,2.441379673615679,2022-03-28 16:35:44.420607,2022-03-28 16:35:48.010367,0 days 00:00:03.589760000,141.91817953629482,50.801480901075024,COMPLETE
29,29,2.1861864610786403,2022-03-28 16:35:48.010734,2022-03-28 16:35:57.547845,0 days 00:00:09.537111000,189.5799768595656,99.96399860845972,COMPLETE
30,30,2.3741208700236895,2022-03-28 16:35:57.548230,2022-03-28 16:36:00.070526,0 days 00:00:02.522296000,173.61555727253693,28.78478506090131,COMPLETE
31,31,2.339740220092962,2022-03-28 16:36:00.071017,2022-03-28 16:36:03.801622,0 days 00:00:03.730605000,142.94887059344202,51.12103814490854,COMPLETE
32,32,2.4167422700817727,2022-03-28 16:36:03.802126,2022-03-28 16:36:06.850218,0 days 00:00:03.048092000,152.53866312978343,39.78319933940243,COMPLETE
33,33,2.2565652672935377,2022-03-28 16:36:06.850651,2022-03-28 16:36:10.953646,0 days 00:00:04.102995000,162.24957493621602,49.44597649193043,COMPLETE
34,34,2.2565652672935377,2022-03-28 16:36:10.954035,2022-03-28 16:36:14.859992,0 days 00:00:03.905957000,131.63469617543439,58.267662946962574,COMPLETE
35,35,2.2045973911497927,2022-03-28 16:36:14.860379,2022-03-28 16:36:16.908150,0 days 00:00:02.047771000,141.9085711605164,28.431214290206857,COMPLETE
36,36,2.358191690117086,2022-03-28 16:36:16.908526,2022-03-28 16:36:19.732867,0 days 00:00:02.824341000,121.70253785527062,45.99939586699167,COMPLETE
37,37,2.349734766356029,2022-03-28 16:36:19.733251,2022-03-28 16:36:23.039123,0 days 00:00:03.305872000,169.3564470211519,38.90723131845429,COMPLETE
38,38,2.3371051231497804,2022-03-28 16:36:23.039525,2022-03-28 16:36:27.609500,0 days 00:00:04.569975000,135.4866446133432,66.7773191588032,COMPLETE
39,39,2.349734766356029,2022-03-28 16:36:27.609897,2022-03-28 16:36:31.557110,0 days 00:00:03.947213000,145.31155439196073,53.293199725764794,COMPLETE
40,40,2.339740220092962,2022-03-28 16:36:31.557791,2022-03-28 16:36:37.667980,0 days 00:00:06.110189000,156.31184665990182,77.93496176695223,COMPLETE
41,41,2.393564939393253,2022-03-28 16:36:37.668361,2022-03-28 16:36:40.770588,0 days 00:00:03.102227000,150.12338793186203,40.37281837637462,COMPLETE
42,42,2.2378568318817895,2022-03-28 16:36:40.770966,2022-03-28 16:36:42.715175,0 days 00:00:01.944209000,153.35546455007866,24.953183945893265,COMPLETE
43,43,2.1549069916497974,2022-03-28 16:36:42.715550,2022-03-28 16:36:45.833746,0 days 00:00:03.118196000,163.35945233833388,37.09384350899442,COMPLETE
44,44,2.275199167106036,2022-03-28 16:36:45.834126,2022-03-28 16:36:47.836334,0 days 00:00:02.002208000,123.831429109322,31.39935601143993,COMPLETE
45,45,2.3352327312845627,2022-03-28 16:36:47.836705,2022-03-28 16:36:50.804850,0 days 00:00:02.968145000,137.05855648645598,42.96489643487783,COMPLETE
46,46,2.331100866543531,2022-03-28 16:36:50.805226,2022-03-28 16:36:54.736103,0 days 00:00:03.930877000,160.4007827308955,48.73435802276444,COMPLETE
47,47,2.2557453757017876,2022-03-28 16:36:54.736470,2022-03-28 16:36:56.205348,0 days 00:00:01.468878000,153.6858711062046,18.102265944414818,COMPLETE
48,48,2.182029668043545,2022-03-28 16:36:56.205715,2022-03-28 16:37:00.072042,0 days 00:00:03.866327000,167.0671269734814,45.34337312810434,COMPLETE
49,49,2.3352327312845627,2022-03-28 16:37:00.072420,2022-03-28 16:37:04.544624,0 days 00:00:04.472204000,146.32858938262197,60.705056180233655,COMPLETE
