,number,value,datetime_start,datetime_complete,duration,params_iterations,params_swarm_size,state
0,0,2.273633919521786,2022-03-24 17:11:34.033584,2022-03-24 17:11:35.060668,0 days 00:00:01.027084000,186.90714419444862,10.721180815328108,COMPLETE
1,1,2.3870025659810254,2022-03-24 17:11:35.061094,2022-03-24 17:11:36.279977,0 days 00:00:01.218883000,126.81531012755202,18.9973059145917,COMPLETE
2,2,2.2916308787588755,2022-03-24 17:11:36.280360,2022-03-24 17:11:37.597571,0 days 00:00:01.317211000,153.1183171639825,16.114139776882332,COMPLETE
3,3,2.306590121405552,2022-03-24 17:11:37.597940,2022-03-24 17:11:39.141444,0 days 00:00:01.543504000,194.67434867451522,15.599784164502132,COMPLETE
4,4,2.426993781732464,2022-03-24 17:11:39.141809,2022-03-24 17:11:42.435326,0 days 00:00:03.293517000,146.38574075423682,44.59903505383896,COMPLETE
5,5,2.2574564538063098,2022-03-24 17:11:42.435702,2022-03-24 17:11:47.993321,0 days 00:00:05.557619000,127.74180892881841,86.38844769393779,COMPLETE
6,6,2.315788661915,2022-03-24 17:11:47.993693,2022-03-24 17:11:53.452144,0 days 00:00:05.458451000,182.27359792677606,59.07470787775867,COMPLETE
7,7,2.1861864610786403,2022-03-24 17:11:53.452515,2022-03-24 17:11:54.792995,0 days 00:00:01.340480000,157.92067264413453,16.98545858558812,COMPLETE
8,8,2.480172065043517,2022-03-24 17:11:54.793373,2022-03-24 17:12:00.006638,0 days 00:00:05.213265000,117.16850290699023,87.59701889773068,COMPLETE
9,9,2.3872687645497757,2022-03-24 17:12:00.007197,2022-03-24 17:12:02.595388,0 days 00:00:02.588191000,106.70839859938472,46.558222934434895,COMPLETE
10,10,2.354676800654126,2022-03-24 17:12:02.595891,2022-03-24 17:12:07.800230,0 days 00:00:05.204339000,103.02176171401685,99.2381354261264,COMPLETE
11,11,2.306590121405552,2022-03-24 17:12:07.800678,2022-03-24 17:12:11.652493,0 days 00:00:03.851815000,135.0472219584304,55.781909342002656,COMPLETE
12,12,2.393564939393253,2022-03-24 17:12:11.652996,2022-03-24 17:12:18.078200,0 days 00:00:06.425204000,168.70483346726908,74.43631269489545,COMPLETE
13,13,2.360068110797506,2022-03-24 17:12:18.078656,2022-03-24 17:12:20.336074,0 days 00:00:02.257418000,117.25054064970102,37.41912654382338,COMPLETE
14,14,2.3803960015020493,2022-03-24 17:12:20.336475,2022-03-24 17:12:25.345140,0 days 00:00:05.008665000,140.51101341386172,69.2506520550337,COMPLETE
15,15,2.315788661915,2022-03-24 17:12:25.345548,2022-03-24 17:12:28.453217,0 days 00:00:03.107669000,166.83892923188606,35.66634911617251,COMPLETE
16,16,2.461707564320223,2022-03-24 17:12:28.453921,2022-03-24 17:12:33.409941,0 days 00:00:04.956020000,117.73597487305457,83.92476134143156,COMPLETE
17,17,2.358191690117086,2022-03-24 17:12:33.410330,2022-03-24 17:12:39.290117,0 days 00:00:05.879787000,115.13258874980775,99.48813311130489,COMPLETE
18,18,2.3803960015020493,2022-03-24 17:12:39.290494,2022-03-24 17:12:44.469558,0 days 00:00:05.179064000,120.69022025523083,84.89525677407363,COMPLETE
19,19,2.3536685896497787,2022-03-24 17:12:44.469934,2022-03-24 17:12:48.859154,0 days 00:00:04.389220000,101.13875857659413,85.0139539380872,COMPLETE
20,20,2.3867955226497757,2022-03-24 17:12:48.859528,2022-03-24 17:12:53.006202,0 days 00:00:04.146674000,111.65549629004178,73.45259155223097,COMPLETE
21,21,2.34190852843478,2022-03-24 17:12:53.006576,2022-03-24 17:12:56.399384,0 days 00:00:03.392808000,143.58782262803027,46.00710842960796,COMPLETE
22,22,2.4056364657935236,2022-03-24 17:12:56.399761,2022-03-24 17:13:00.790089,0 days 00:00:04.390328000,132.08877417320156,64.6264362847711,COMPLETE
23,23,2.434630813901771,2022-03-24 17:13:00.790489,2022-03-24 17:13:07.387003,0 days 00:00:06.596514000,144.2709758042209,90.98195325505583,COMPLETE
24,24,2.43245307813238,2022-03-24 17:13:07.387395,2022-03-24 17:13:13.239558,0 days 00:00:05.852163000,124.52977749288387,92.31840413039178,COMPLETE
25,25,2.426993781732464,2022-03-24 17:13:13.239935,2022-03-24 17:13:18.675328,0 days 00:00:05.435393000,136.80844715012387,77.85598097386607,COMPLETE
26,26,2.297187168884784,2022-03-24 17:13:18.675706,2022-03-24 17:13:24.004458,0 days 00:00:05.328752000,110.67617292374696,92.3231142971355,COMPLETE
27,27,2.5491174943497605,2022-03-24 17:13:24.004839,2022-03-24 17:13:30.539123,0 days 00:00:06.534284000,158.29151835806718,81.30662133380174,COMPLETE
28,28,2.43245307813238,2022-03-24 17:13:30.539815,2022-03-24 17:13:37.028232,0 days 00:00:06.488417000,160.20152526262123,79.36602430546753,COMPLETE
29,29,2.424270365606022,2022-03-24 17:13:37.028622,2022-03-24 17:13:43.038944,0 days 00:00:06.010322000,177.4909121141424,66.67077165140412,COMPLETE
30,30,2.315788661915,2022-03-24 17:13:43.039339,2022-03-24 17:13:49.137023,0 days 00:00:06.097684000,152.03397005690158,78.86909431487823,COMPLETE
31,31,2.502739788149764,2022-03-24 17:13:49.137416,2022-03-24 17:13:56.646021,0 days 00:00:07.508605000,166.30447627616658,88.92550354290488,COMPLETE
32,32,2.4056364657935236,2022-03-24 17:13:56.646412,2022-03-24 17:14:04.410958,0 days 00:00:07.764546000,170.8081111535098,88.55355468195167,COMPLETE
33,33,2.4056364657935236,2022-03-24 17:14:04.411493,2022-03-24 17:14:12.427678,0 days 00:00:08.016185000,162.26844215910236,96.13832501275922,COMPLETE
34,34,2.517439864668513,2022-03-24 17:14:12.428212,2022-03-24 17:14:20.255514,0 days 00:00:07.827302000,194.62154496220342,79.40107264478092,COMPLETE
35,35,2.4535063118635625,2022-03-24 17:14:20.255979,2022-03-24 17:14:27.376875,0 days 00:00:07.120896000,194.1757719660563,72.01859707885991,COMPLETE
36,36,2.398853726261774,2022-03-24 17:14:27.377302,2022-03-24 17:14:35.055959,0 days 00:00:07.678657000,189.6496087577247,79.77878307628067,COMPLETE
37,37,2.453049388649769,2022-03-24 17:14:35.056697,2022-03-24 17:14:40.883943,0 days 00:00:05.827246000,176.79536925443423,64.26265439723475,COMPLETE
38,38,2.327299550981781,2022-03-24 17:14:40.884352,2022-03-24 17:14:49.855724,0 days 00:00:08.971372000,185.2533976252734,95.16315464939431,COMPLETE
39,39,2.4704079015417677,2022-03-24 17:14:49.856126,2022-03-24 17:14:51.880109,0 days 00:00:02.023983000,154.29164910065603,25.81001007319627,COMPLETE
40,40,2.488296445361766,2022-03-24 17:14:51.880497,2022-03-24 17:15:00.260381,0 days 00:00:08.379884000,198.7723023795358,83.40862410233098,COMPLETE
41,41,2.4615381652310186,2022-03-24 17:15:00.260780,2022-03-24 17:15:08.558307,0 days 00:00:08.297527000,195.68535545007506,83.05351645031904,COMPLETE
42,42,2.434630813901771,2022-03-24 17:15:08.558709,2022-03-24 17:15:17.728544,0 days 00:00:09.169835000,199.56124539477952,89.48445809083067,COMPLETE
43,43,2.441379673615679,2022-03-24 17:15:17.728938,2022-03-24 17:15:23.267531,0 days 00:00:05.538593000,178.68785328333624,60.66718300205106,COMPLETE
44,44,2.4429042654185205,2022-03-24 17:15:23.267920,2022-03-24 17:15:30.521251,0 days 00:00:07.253331000,189.67558676213343,75.92248607984085,COMPLETE
45,45,2.331100866543531,2022-03-24 17:15:30.521955,2022-03-24 17:15:36.659608,0 days 00:00:06.137653000,148.99491466402182,81.57738486049168,COMPLETE
46,46,2.4441943046363086,2022-03-24 17:15:36.660003,2022-03-24 17:15:41.231300,0 days 00:00:04.571297000,173.89742231499184,51.29323900660794,COMPLETE
47,47,2.3352327312845627,2022-03-24 17:15:41.231687,2022-03-24 17:15:47.074377,0 days 00:00:05.842690000,165.00275927378843,69.99239894016966,COMPLETE
48,48,2.453049388649769,2022-03-24 17:15:47.074763,2022-03-24 17:15:55.154322,0 days 00:00:08.079559000,183.16424239783572,86.28151948671908,COMPLETE
49,49,2.393564939393253,2022-03-24 17:15:55.154729,2022-03-24 17:16:05.161793,0 days 00:00:10.007064000,198.62410416773488,95.80695180623292,COMPLETE
