,number,value,datetime_start,datetime_complete,duration,params_iterations,params_swarm_size,state
0,0,2.275199167106036,2022-03-31 21:22:43.251853,2022-03-31 21:23:25.071181,0 days 00:00:41.819328000,377.53423545262837,96.03366309014764,COMPLETE
1,1,2.3371051231497804,2022-03-31 21:23:25.086835,2022-03-31 21:23:49.833611,0 days 00:00:24.746776000,413.3793074617596,54.65998395160342,COMPLETE
2,2,2.1484141127817975,2022-03-31 21:23:49.833611,2022-03-31 21:24:03.778795,0 days 00:00:13.945184000,495.3579117334505,25.257324007267577,COMPLETE
3,3,2.258428657274788,2022-03-31 21:24:03.778795,2022-03-31 21:24:38.251945,0 days 00:00:34.473150000,422.34753208176147,74.37274683386116,COMPLETE
4,4,2.2574564538063098,2022-03-31 21:24:38.251945,2022-03-31 21:24:53.336418,0 days 00:00:15.084473000,258.80063190887927,52.450400506392114,COMPLETE
5,5,2.327299550981781,2022-03-31 21:24:53.352043,2022-03-31 21:24:59.796377,0 days 00:00:06.444334000,280.4399089491316,20.092752604443394,COMPLETE
6,6,2.3124669667310322,2022-03-31 21:24:59.796377,2022-03-31 21:25:41.597029,0 days 00:00:41.800652000,389.84704422621974,97.2417172121707,COMPLETE
7,7,2.349468567787279,2022-03-31 21:25:41.597029,2022-03-31 21:26:12.250875,0 days 00:00:30.653846000,279.4225273612518,99.94731764697178,COMPLETE
8,8,2.3039781901497833,2022-03-31 21:26:12.266504,2022-03-31 21:26:30.091062,0 days 00:00:17.824558000,278.91358337642237,57.217717728141444,COMPLETE
9,9,2.287414723649785,2022-03-31 21:26:30.091062,2022-03-31 21:26:59.756674,0 days 00:00:29.665612000,302.0498801165059,87.75554663955107,COMPLETE
10,10,2.4429042654185205,2022-03-31 21:26:59.756674,2022-03-31 21:27:09.144934,0 days 00:00:09.388260000,110.43458359547589,75.49665938702755,COMPLETE
11,11,2.1305255689618,2022-03-31 21:27:09.144934,2022-03-31 21:27:18.987837,0 days 00:00:09.842903000,115.74514877477327,76.07260804289498,COMPLETE
12,12,2.2696089971622864,2022-03-31 21:27:18.987837,2022-03-31 21:27:31.406724,0 days 00:00:12.418887000,133.17775782396464,80.05290557652597,COMPLETE
13,13,2.2574564538063098,2022-03-31 21:27:31.406724,2022-03-31 21:27:44.650999,0 days 00:00:13.244275000,180.97457778887986,64.89114905011304,COMPLETE
14,14,2.349734766356029,2022-03-31 21:27:44.650999,2022-03-31 21:27:53.463877,0 days 00:00:08.812878000,213.52494857621997,35.83505605091882,COMPLETE
15,15,2.1991242456976194,2022-03-31 21:27:53.463877,2022-03-31 21:28:02.505128,0 days 00:00:09.041251000,203.35217851519803,39.72399462390985,COMPLETE
16,16,2.237788029790174,2022-03-31 21:28:02.505128,2022-03-31 21:28:10.813895,0 days 00:00:08.308767000,183.46790186986365,38.330691209333025,COMPLETE
17,17,2.1841912004217945,2022-03-31 21:28:10.813895,2022-03-31 21:28:21.679521,0 days 00:00:10.865626000,217.93596140057255,38.41405317000971,COMPLETE
18,18,2.273633919521786,2022-03-31 21:28:21.681520,2022-03-31 21:28:24.133518,0 days 00:00:02.451998000,101.60178138033883,13.602987695064215,COMPLETE
19,19,2.349734766356029,2022-03-31 21:28:24.135515,2022-03-31 21:28:39.542834,0 days 00:00:15.407319000,161.7015191908273,65.6837926184011,COMPLETE
20,20,2.263689993692434,2022-03-31 21:28:39.558457,2022-03-31 21:28:51.579322,0 days 00:00:12.020865000,146.07645870064124,67.49612857484358,COMPLETE
21,21,2.3741208700236895,2022-03-31 21:28:51.579322,2022-03-31 21:29:00.149171,0 days 00:00:08.569849000,153.29479814084823,49.47409127516787,COMPLETE
22,22,2.179680176328056,2022-03-31 21:29:00.149171,2022-03-31 21:29:11.309457,0 days 00:00:11.160286000,154.95474647338438,64.68062013583389,COMPLETE
23,23,2.197444985161157,2022-03-31 21:29:11.309457,2022-03-31 21:29:20.391326,0 days 00:00:09.081869000,166.88721310195584,47.06658207500792,COMPLETE
24,24,2.221160857649791,2022-03-31 21:29:20.391326,2022-03-31 21:29:27.941581,0 days 00:00:07.550255000,222.31830508039678,30.924064015631437,COMPLETE
25,25,2.4130090087628164,2022-03-31 21:29:27.941581,2022-03-31 21:29:59.526340,0 days 00:00:31.584759000,330.6934049451375,86.59355429457543,COMPLETE
26,26,2.2524658093347885,2022-03-31 21:29:59.526340,2022-03-31 21:30:30.855457,0 days 00:00:31.329117000,336.2617364903939,84.97778215386069,COMPLETE
27,27,2.3866298879847756,2022-03-31 21:30:30.871060,2022-03-31 21:31:03.335398,0 days 00:00:32.464338000,331.9940387380308,88.25550316017157,COMPLETE
28,28,2.119557067093222,2022-03-31 21:31:03.335398,2022-03-31 21:31:35.976745,0 days 00:00:32.641347000,328.13494116461527,90.49573657001903,COMPLETE
29,29,2.267372929184787,2022-03-31 21:31:35.976745,2022-03-31 21:32:13.652736,0 days 00:00:37.675991000,364.68630426508304,93.25853644409425,COMPLETE
30,30,2.293833066918534,2022-03-31 21:32:13.652736,2022-03-31 21:32:46.378662,0 days 00:00:32.725926000,349.86213550355785,84.54833556082332,COMPLETE
31,31,2.312094288734783,2022-03-31 21:32:46.378662,2022-03-31 21:33:13.874157,0 days 00:00:27.495495000,318.20238588883444,75.30610590798779,COMPLETE
32,32,2.358191690117086,2022-03-31 21:33:13.874157,2022-03-31 21:33:49.082976,0 days 00:00:35.208819000,385.43266430569014,82.33506261811634,COMPLETE
33,33,2.4293281384122714,2022-03-31 21:33:49.082976,2022-03-31 21:34:11.802152,0 days 00:00:22.719176000,442.1337887566073,46.52843471403336,COMPLETE
34,34,2.3451880948017796,2022-03-31 21:34:11.802152,2022-03-31 21:34:41.913662,0 days 00:00:30.111510000,466.5121691939081,57.10253206483193,COMPLETE
35,35,2.4441943046363086,2022-03-31 21:34:41.913662,2022-03-31 21:35:17.014833,0 days 00:00:35.101171000,434.99097541162735,71.96986263824613,COMPLETE
36,36,2.3683686661685273,2022-03-31 21:35:17.014833,2022-03-31 21:35:52.170134,0 days 00:00:35.155301000,434.43828351777285,69.85379343182923,COMPLETE
37,37,2.327299550981781,2022-03-31 21:35:52.170134,2022-03-31 21:36:29.716455,0 days 00:00:37.546321000,498.14815994094107,60.868009820572944,COMPLETE
38,38,2.349734766356029,2022-03-31 21:36:29.718487,2022-03-31 21:37:06.737843,0 days 00:00:37.019356000,454.4311491636211,71.95622337561284,COMPLETE
39,39,2.392592735924775,2022-03-31 21:37:06.737843,2022-03-31 21:37:27.358260,0 days 00:00:20.620417000,406.42644004054137,45.075912878170655,COMPLETE
40,40,2.306590121405552,2022-03-31 21:37:27.358260,2022-03-31 21:37:49.195917,0 days 00:00:21.837657000,249.65593947761323,77.69414934017311,COMPLETE
41,41,2.3451880948017796,2022-03-31 21:37:49.195917,2022-03-31 21:38:10.525704,0 days 00:00:21.329787000,421.39547837232595,45.14815992061145,COMPLETE
42,42,2.2020797442417925,2022-03-31 21:38:10.525704,2022-03-31 21:38:33.706435,0 days 00:00:23.180731000,403.00785765161135,51.94910184960638,COMPLETE
43,43,2.293367219423222,2022-03-31 21:38:33.706435,2022-03-31 21:38:55.692119,0 days 00:00:21.985684000,464.12941918830586,42.3230073189642,COMPLETE
44,44,2.3451880948017796,2022-03-31 21:38:55.692119,2022-03-31 21:39:10.688973,0 days 00:00:14.996854000,444.2158027896241,30.636839812218675,COMPLETE
45,45,2.315788661915,2022-03-31 21:39:10.688973,2022-03-31 21:39:37.055701,0 days 00:00:26.366728000,404.0643758613607,59.20589082036625,COMPLETE
46,46,2.3409911672132413,2022-03-31 21:39:37.055701,2022-03-31 21:39:58.832565,0 days 00:00:21.776864000,370.0478625812234,53.57235990183633,COMPLETE
47,47,2.517439864668513,2022-03-31 21:39:58.832565,2022-03-31 21:40:48.434866,0 days 00:00:49.602301000,478.58031361828057,94.03011358654183,COMPLETE
48,48,2.33349665366228,2022-03-31 21:40:48.434866,2022-03-31 21:41:40.335949,0 days 00:00:51.901083000,484.75011120143216,96.44370992951961,COMPLETE
49,49,2.3870025659810254,2022-03-31 21:41:40.335949,2022-03-31 21:42:33.364030,0 days 00:00:53.028081000,481.94400564695275,99.85950303330827,COMPLETE
