,number,value,datetime_start,datetime_complete,duration,params_iterations,params_swarm_size,state
0,0,1.446,2022-04-14 16:40:23.942907,2022-04-14 16:40:33.816628,0 days 00:00:09.873721000,455.8408106851343,39.016785185592525,COMPLETE
1,1,1.450909090909091,2022-04-14 16:40:33.817523,2022-04-14 16:40:48.163959,0 days 00:00:14.346436000,405.2356331574368,64.50105090066937,COMPLETE
2,2,1.4595121951219514,2022-04-14 16:40:48.164808,2022-04-14 16:41:11.526947,0 days 00:00:23.362139000,440.12245590470286,94.37431669224912,COMPLETE
3,3,1.2753488372093023,2022-04-14 16:41:11.527794,2022-04-14 16:41:13.522676,0 days 00:00:01.994882000,312.36014609391964,11.356548492756874,COMPLETE
4,4,1.424761904761905,2022-04-14 16:41:13.523231,2022-04-14 16:41:30.329381,0 days 00:00:16.806150000,453.62621870824097,67.60408232678117,COMPLETE
5,5,1.374222222222222,2022-04-14 16:41:30.329934,2022-04-14 16:41:34.066447,0 days 00:00:03.736513000,162.92134496602384,41.477026939036335,COMPLETE
6,6,1.52,2022-04-14 16:41:34.067352,2022-04-14 16:41:41.311028,0 days 00:00:07.243676000,180.03693639525568,72.6481083012336,COMPLETE
7,7,1.374054054054054,2022-04-14 16:41:41.311585,2022-04-14 16:41:52.361729,0 days 00:00:11.050144000,297.8083710473661,67.24554732900643,COMPLETE
8,8,1.3335,2022-04-14 16:41:52.362291,2022-04-14 16:42:04.825985,0 days 00:00:12.463694000,321.5626720111019,69.05359788463858,COMPLETE
9,9,1.3414285714285714,2022-04-14 16:42:04.826542,2022-04-14 16:42:11.713473,0 days 00:00:06.886931000,129.71645991077247,96.44913568906794,COMPLETE
10,10,1.3253658536585367,2022-04-14 16:42:11.714019,2022-04-14 16:42:21.056742,0 days 00:00:09.342723000,205.31258582658813,81.81180377689422,COMPLETE
11,11,1.4229268292682928,2022-04-14 16:42:21.057590,2022-04-14 16:42:33.656656,0 days 00:00:12.599066000,232.47159542363357,98.8031821087359,COMPLETE
12,12,1.421,2022-04-14 16:42:33.657200,2022-04-14 16:42:51.356998,0 days 00:00:17.699798000,381.1090639511282,84.18911216829119,COMPLETE
13,13,1.4366666666666668,2022-04-14 16:42:51.357532,2022-04-14 16:43:02.891618,0 days 00:00:11.534086000,251.23628153139788,83.22041735744476,COMPLETE
14,14,1.4229268292682928,2022-04-14 16:43:02.892209,2022-04-14 16:43:13.484481,0 days 00:00:10.592272000,382.34768194541334,50.906324408262456,COMPLETE
15,15,1.4009523809523812,2022-04-14 16:43:13.485036,2022-04-14 16:43:18.989034,0 days 00:00:05.503998000,113.62639443830341,88.40180076649179,COMPLETE
16,16,1.3582978723404255,2022-04-14 16:43:18.989599,2022-04-14 16:43:27.213826,0 days 00:00:08.224227000,195.09094571498835,76.12724465645219,COMPLETE
17,17,1.463111111111111,2022-04-14 16:43:27.214675,2022-04-14 16:43:31.929178,0 days 00:00:04.714503000,492.2268486971683,17.275913836093522,COMPLETE
18,18,1.3567441860465117,2022-04-14 16:43:31.929759,2022-04-14 16:43:37.739075,0 days 00:00:05.809316000,490.466796694797,21.13199137630339,COMPLETE
19,19,1.34,2022-04-14 16:43:37.739640,2022-04-14 16:43:42.202530,0 days 00:00:04.462890000,268.8424950096094,30.556745395922874,COMPLETE
20,20,1.4054545454545453,2022-04-14 16:43:42.203110,2022-04-14 16:43:51.417530,0 days 00:00:09.214420000,348.76787079404613,48.55884907027725,COMPLETE
21,21,1.4868,2022-04-14 16:43:51.418109,2022-04-14 16:44:07.487399,0 days 00:00:16.069290000,481.0738393167989,60.02285185444961,COMPLETE
22,22,1.3068,2022-04-14 16:44:07.487950,2022-04-14 16:44:23.396733,0 days 00:00:15.908783000,493.25341758838925,58.78217399507771,COMPLETE
23,23,1.519090909090909,2022-04-14 16:44:23.397603,2022-04-14 16:44:36.824044,0 days 00:00:13.426441000,435.70391722798576,56.579422735474935,COMPLETE
24,24,1.4485714285714288,2022-04-14 16:44:36.824597,2022-04-14 16:44:49.540379,0 days 00:00:12.715782000,413.93862259277705,56.82594916749924,COMPLETE
25,25,1.5427906976744186,2022-04-14 16:44:49.540978,2022-04-14 16:45:04.116726,0 days 00:00:14.575748000,354.72370217182157,75.1424617519692,COMPLETE
26,26,1.4497674418604651,2022-04-14 16:45:04.117278,2022-04-14 16:45:18.540870,0 days 00:00:14.423592000,355.4737023357846,74.98248495255523,COMPLETE
27,27,1.3902127659574468,2022-04-14 16:45:18.541417,2022-04-14 16:45:33.045857,0 days 00:00:14.504440000,351.8828165860348,75.7646014361471,COMPLETE
28,28,1.3164102564102562,2022-04-14 16:45:33.046766,2022-04-14 16:45:40.321928,0 days 00:00:07.275162000,280.10969041633706,47.122080857023036,COMPLETE
29,29,1.4351219512195124,2022-04-14 16:45:40.322470,2022-04-14 16:45:47.857310,0 days 00:00:07.534840000,426.5128067109442,32.77067385039248,COMPLETE
30,30,1.4253061224489796,2022-04-14 16:45:47.857867,2022-04-14 16:46:03.759077,0 days 00:00:15.901210000,386.0079063547201,72.95913950293395,COMPLETE
31,31,1.3741463414634147,2022-04-14 16:46:03.759629,2022-04-14 16:46:18.867303,0 days 00:00:15.107674000,452.01888690194477,60.686508232494866,COMPLETE
32,32,1.4253061224489796,2022-04-14 16:46:18.867879,2022-04-14 16:46:35.033930,0 days 00:00:16.166051000,474.22394760832816,61.179492908713684,COMPLETE
33,33,1.374222222222222,2022-04-14 16:46:35.034885,2022-04-14 16:46:47.311131,0 days 00:00:12.276246000,429.7631008390422,52.86695721421811,COMPLETE
34,34,1.36,2022-04-14 16:46:47.311701,2022-04-14 16:47:02.963584,0 days 00:00:15.651883000,467.6521434393284,61.74236186957647,COMPLETE
35,35,1.3584999999999998,2022-04-14 16:47:02.964153,2022-04-14 16:47:12.278628,0 days 00:00:09.314475000,399.1362156335789,42.98934967527873,COMPLETE
36,36,1.421509433962264,2022-04-14 16:47:12.279186,2022-04-14 16:47:25.010159,0 days 00:00:12.730973000,334.2481634860161,69.1597562249853,COMPLETE
37,37,1.4497674418604651,2022-04-14 16:47:25.011053,2022-04-14 16:47:32.894597,0 days 00:00:07.883544000,158.26912235519913,90.09593491215524,COMPLETE
38,38,1.4431578947368422,2022-04-14 16:47:32.895216,2022-04-14 16:47:46.385006,0 days 00:00:13.489790000,445.81458133875105,55.20281146119114,COMPLETE
39,39,1.3946938775510205,2022-04-14 16:47:46.385561,2022-04-14 16:47:56.830385,0 days 00:00:10.444824000,290.7301651520312,64.03911171933693,COMPLETE
40,40,1.4595121951219514,2022-04-14 16:47:56.830942,2022-04-14 16:48:14.816056,0 days 00:00:17.985114000,410.8813328183692,79.8600732920045,COMPLETE
41,41,1.3820833333333333,2022-04-14 16:48:14.816671,2022-04-14 16:48:17.970985,0 days 00:00:03.154314000,497.54596463612455,11.915769911823624,COMPLETE
42,42,1.4530434782608694,2022-04-14 16:48:17.971528,2022-04-14 16:48:36.025282,0 days 00:00:18.053754000,472.87415920890425,69.7347679624697,COMPLETE
43,43,1.507391304347826,2022-04-14 16:48:36.026143,2022-04-14 16:48:45.724853,0 days 00:00:09.698710000,462.50075410209575,38.79939276096769,COMPLETE
44,44,1.3932075471698113,2022-04-14 16:48:45.725416,2022-04-14 16:48:54.016749,0 days 00:00:08.291333000,428.7336503112101,35.70891600741197,COMPLETE
45,45,1.4154098360655738,2022-04-14 16:48:54.017309,2022-04-14 16:49:09.958357,0 days 00:00:15.941048000,442.8632393914029,64.2822841514322,COMPLETE
46,46,1.42375,2022-04-14 16:49:09.958917,2022-04-14 16:49:17.365283,0 days 00:00:07.406366000,308.19239502737094,42.70158918462094,COMPLETE
47,47,1.3263829787234043,2022-04-14 16:49:17.365872,2022-04-14 16:49:20.838507,0 days 00:00:03.472635000,220.78335789515447,28.736657212684683,COMPLETE
48,48,1.4965217391304348,2022-04-14 16:49:20.839057,2022-04-14 16:49:34.912677,0 days 00:00:14.073620000,368.4090983769911,67.05245145781714,COMPLETE
49,49,1.2524324324324325,2022-04-14 16:49:34.913513,2022-04-14 16:49:50.835897,0 days 00:00:15.922384000,371.24911099653764,78.84284789274825,COMPLETE
