,number,value,datetime_start,datetime_complete,duration,params_iterations,params_swarm_size,state
0,0,2.364444444444444,2022-04-14 16:50:05.841127,2022-04-14 16:50:08.200665,0 days 00:00:02.359538000,131.16631608782552,32.56103793659025,COMPLETE
1,1,2.3220689655172415,2022-04-14 16:50:08.201207,2022-04-14 16:50:14.152426,0 days 00:00:05.951219000,114.51020149193296,94.73333479140149,COMPLETE
2,2,2.1446666666666667,2022-04-14 16:50:14.152976,2022-04-14 16:50:16.594044,0 days 00:00:02.441068000,120.1593664440361,36.03464631100846,COMPLETE
3,3,2.180833333333333,2022-04-14 16:50:16.594589,2022-04-14 16:50:17.785883,0 days 00:00:01.191294000,144.44695049877006,14.14643501320641,COMPLETE
4,4,2.438518518518518,2022-04-14 16:50:17.786430,2022-04-14 16:50:21.476624,0 days 00:00:03.690194000,129.87838522405133,51.411656365054796,COMPLETE
5,5,2.2978571428571426,2022-04-14 16:50:21.477478,2022-04-14 16:50:29.370026,0 days 00:00:07.892548000,159.5635366435299,90.03352253628606,COMPLETE
6,6,2.3220689655172415,2022-04-14 16:50:29.370612,2022-04-14 16:50:32.962279,0 days 00:00:03.591667000,128.633241695199,50.04477670155347,COMPLETE
7,7,2.3436363636363633,2022-04-14 16:50:32.962854,2022-04-14 16:50:37.404245,0 days 00:00:04.441391000,189.41896436496125,42.6346411216177,COMPLETE
8,8,2.1017391304347828,2022-04-14 16:50:37.404805,2022-04-14 16:50:39.996367,0 days 00:00:02.591562000,183.5129845164027,25.28316441811127,COMPLETE
9,9,2.2336,2022-04-14 16:50:39.996950,2022-04-14 16:50:41.879847,0 days 00:00:01.882897000,103.85421846714742,32.07877141361682,COMPLETE
10,10,2.2936,2022-04-14 16:50:41.880396,2022-04-14 16:50:48.194185,0 days 00:00:06.313789000,160.02519815273837,69.3135280754254,COMPLETE
11,11,2.2053846153846153,2022-04-14 16:50:48.194742,2022-04-14 16:50:52.933668,0 days 00:00:04.738926000,137.0149323807891,62.829972501532296,COMPLETE
12,12,2.3157142857142854,2022-04-14 16:50:52.934211,2022-04-14 16:50:59.265556,0 days 00:00:06.331345000,152.2361855345746,74.06038145902096,COMPLETE
13,13,2.4336,2022-04-14 16:50:59.266114,2022-04-14 16:51:03.064021,0 days 00:00:03.797907000,132.55891496985524,51.956739855543134,COMPLETE
14,14,2.28,2022-04-14 16:51:03.064564,2022-04-14 16:51:06.115158,0 days 00:00:03.050594000,101.40790654379217,54.9858184161058,COMPLETE
15,15,2.16695652173913,2022-04-14 16:51:06.115711,2022-04-14 16:51:13.322117,0 days 00:00:07.206406000,174.78834728737147,75.91384067215691,COMPLETE
16,16,2.201176470588235,2022-04-14 16:51:13.322675,2022-04-14 16:51:16.611277,0 days 00:00:03.288602000,120.22223751539396,49.04999367513445,COMPLETE
17,17,2.3683333333333336,2022-04-14 16:51:16.611819,2022-04-14 16:51:21.649672,0 days 00:00:05.037853000,144.49058157445845,63.329146541139984,COMPLETE
18,18,2.5365217391304347,2022-04-14 16:51:21.650509,2022-04-14 16:51:29.382692,0 days 00:00:07.732183000,169.4557877242187,81.67831897901262,COMPLETE
19,19,2.4570370370370367,2022-04-14 16:51:29.383242,2022-04-14 16:51:38.904002,0 days 00:00:09.520760000,198.95123667740285,87.36521899923409,COMPLETE
20,20,2.4746153846153844,2022-04-14 16:51:38.904536,2022-04-14 16:51:47.834448,0 days 00:00:08.929912000,194.70428706560978,83.2251850045168,COMPLETE
21,21,2.1163636363636362,2022-04-14 16:51:47.835010,2022-04-14 16:51:57.027414,0 days 00:00:09.192404000,195.88973186380807,85.30358255975388,COMPLETE
22,22,2.379090909090909,2022-04-14 16:51:57.027962,2022-04-14 16:52:05.813948,0 days 00:00:08.785986000,198.84163929730076,80.44705860662143,COMPLETE
23,23,2.3400000000000003,2022-04-14 16:52:05.814507,2022-04-14 16:52:15.114253,0 days 00:00:09.299746000,176.55637521321424,96.17003665156268,COMPLETE
24,24,2.4136,2022-04-14 16:52:15.114857,2022-04-14 16:52:23.153507,0 days 00:00:08.038650000,171.63932172425305,85.36141377717523,COMPLETE
25,25,2.41,2022-04-14 16:52:23.154388,2022-04-14 16:52:33.542431,0 days 00:00:10.388043000,185.7556525625019,99.73178445693122,COMPLETE
26,26,2.3843478260869566,2022-04-14 16:52:33.542989,2022-04-14 16:52:40.770014,0 days 00:00:07.227025000,192.26604456895618,68.19586592983953,COMPLETE
27,27,2.3174193548387096,2022-04-14 16:52:40.770586,2022-04-14 16:52:48.487717,0 days 00:00:07.717131000,167.42946900440913,82.9041761341072,COMPLETE
28,28,2.2427272727272727,2022-04-14 16:52:48.488290,2022-04-14 16:52:57.557336,0 days 00:00:09.069046000,183.35942658402365,90.69902403743443,COMPLETE
29,29,2.097931034482759,2022-04-14 16:52:57.557914,2022-04-14 16:53:05.931142,0 days 00:00:08.373228000,198.56556022654004,76.49361545783687,COMPLETE
30,30,2.3191304347826085,2022-04-14 16:53:05.931712,2022-04-14 16:53:13.908817,0 days 00:00:07.977105000,162.9801565571341,89.66553766328745,COMPLETE
31,31,2.3736,2022-04-14 16:53:13.909395,2022-04-14 16:53:20.492992,0 days 00:00:06.583597000,179.39553339530895,66.26287886570557,COMPLETE
32,32,2.3136,2022-04-14 16:53:20.493544,2022-04-14 16:53:26.648570,0 days 00:00:06.155026000,190.37568228473287,58.81168515798696,COMPLETE
33,33,2.3207692307692307,2022-04-14 16:53:26.649530,2022-04-14 16:53:30.413024,0 days 00:00:03.763494000,153.08617322079186,44.34944689291413,COMPLETE
34,34,2.378,2022-04-14 16:53:30.413576,2022-04-14 16:53:35.027148,0 days 00:00:04.613572000,115.77587283691608,72.06792823239492,COMPLETE
35,35,2.226428571428571,2022-04-14 16:53:35.027748,2022-04-14 16:53:41.265045,0 days 00:00:06.237297000,144.40215407799346,78.72066911343886,COMPLETE
36,36,2.3058333333333336,2022-04-14 16:53:41.265617,2022-04-14 16:53:49.837680,0 days 00:00:08.572063000,167.93658512837283,93.48072731567318,COMPLETE
37,37,2.4325,2022-04-14 16:53:49.838271,2022-04-14 16:53:50.721969,0 days 00:00:00.883698000,123.22888016439748,12.653081867572816,COMPLETE
38,38,2.4553846153846153,2022-04-14 16:53:50.722539,2022-04-14 16:53:54.787501,0 days 00:00:04.064962000,192.77837206344344,37.81627001287318,COMPLETE
39,39,2.3220689655172415,2022-04-14 16:53:54.788065,2022-04-14 16:53:56.884142,0 days 00:00:02.096077000,193.53346665287538,19.446769059994715,COMPLETE
40,40,2.3336363636363635,2022-04-14 16:53:56.884730,2022-04-14 16:54:00.897287,0 days 00:00:04.012557000,186.65200504758639,38.56159136975819,COMPLETE
41,41,2.1113333333333335,2022-04-14 16:54:00.897884,2022-04-14 16:54:03.763466,0 days 00:00:02.865582000,179.30424326022114,28.408197704257105,COMPLETE
42,42,2.265454545454545,2022-04-14 16:54:03.764033,2022-04-14 16:54:08.430768,0 days 00:00:04.666735000,195.30029669142974,42.039203061131474,COMPLETE
43,43,2.1936,2022-04-14 16:54:08.431331,2022-04-14 16:54:10.669612,0 days 00:00:02.238281000,109.99219967124503,36.24763291194664,COMPLETE
44,44,2.3592307692307695,2022-04-14 16:54:10.670221,2022-04-14 16:54:15.538005,0 days 00:00:04.867784000,189.27729466796563,46.51978312812544,COMPLETE
45,45,2.4278260869565216,2022-04-14 16:54:15.538564,2022-04-14 16:54:21.880845,0 days 00:00:06.342281000,199.34844287987087,57.9745917152267,COMPLETE
46,46,2.29037037037037,2022-04-14 16:54:21.881736,2022-04-14 16:54:24.176703,0 days 00:00:02.294967000,135.8645794838892,30.940629831300527,COMPLETE
47,47,2.333571428571428,2022-04-14 16:54:24.177273,2022-04-14 16:54:32.930427,0 days 00:00:08.753154000,181.4270024045326,87.56239955177169,COMPLETE
48,48,2.2736,2022-04-14 16:54:32.931015,2022-04-14 16:54:39.897722,0 days 00:00:06.966707000,127.15820491724122,99.83267128727817,COMPLETE
49,49,2.2780952380952386,2022-04-14 16:54:39.898315,2022-04-14 16:54:41.904908,0 days 00:00:02.006593000,158.51844954107625,22.747866177802166,COMPLETE
